<?xml version="1.0" encoding="utf-8"?><testsuites name="pytest tests"><testsuite name="pytest" errors="0" failures="2" skipped="0" tests="38" time="17.948" timestamp="2026-02-02T22:04:50.026399+00:00" hostname="agent-env-2966759e-b2d7-4e1d-926f-b9e224c0146f"><testcase classname="backend.tests.test_iteration39_production_audit.TestAuthentication" name="test_client_login" time="1.247" /><testcase classname="backend.tests.test_iteration39_production_audit.TestAuthentication" name="test_enterprise_login" time="0.156" /><testcase classname="backend.tests.test_iteration39_production_audit.TestAuthentication" name="test_admin_login" time="0.156" /><testcase classname="backend.tests.test_iteration39_production_audit.TestRdvTitelli" name="test_rdv_categories_count_8" time="0.043" /><testcase classname="backend.tests.test_iteration39_production_audit.TestRdvTitelli" name="test_rdv_offers_list" time="1.507" /><testcase classname="backend.tests.test_iteration39_production_audit.TestRdvTitelli" name="test_rdv_my_offers" time="0.412" /><testcase classname="backend.tests.test_iteration39_production_audit.TestRdvTitelli" name="test_rdv_invitations_received" time="0.414" /><testcase classname="backend.tests.test_iteration39_production_audit.TestRdvTitelli" name="test_rdv_romantic_subscription_status" time="0.996" /><testcase classname="backend.tests.test_iteration39_production_audit.TestRdvTitelli" name="test_rdv_romantic_subscription_stripe_checkout" time="1.005" /><testcase classname="backend.tests.test_iteration39_production_audit.TestSports" name="test_sports_categories_count_11" time="0.037" /><testcase classname="backend.tests.test_iteration39_production_audit.TestSports" name="test_sports_matches_list" time="0.526" /><testcase classname="backend.tests.test_iteration39_production_audit.TestSports" name="test_sports_my_matches" time="0.416" /><testcase classname="backend.tests.test_iteration39_production_audit.TestSports" name="test_sports_teams_list" time="0.261" /><testcase classname="backend.tests.test_iteration39_production_audit.TestSports" name="test_sports_my_teams" time="0.415" /><testcase classname="backend.tests.test_iteration39_production_audit.TestSports" name="test_sports_competitions_list" time="0.269" /><testcase classname="backend.tests.test_iteration39_production_audit.TestGamification" name="test_gamification_profile" time="0.428" /><testcase classname="backend.tests.test_iteration39_production_audit.TestGamification" name="test_gamification_badges" time="0.407" /><testcase classname="backend.tests.test_iteration39_production_audit.TestGamification" name="test_gamification_levels" time="0.037" /><testcase classname="backend.tests.test_iteration39_production_audit.TestGamification" name="test_gamification_leaderboard" time="0.522" /><testcase classname="backend.tests.test_iteration39_production_audit.TestGamification" name="test_gamification_points_config" time="0.040" /><testcase classname="backend.tests.test_iteration39_production_audit.TestParrainage" name="test_referral_my_code" time="0.524" /><testcase classname="backend.tests.test_iteration39_production_audit.TestParrainage" name="test_referral_stats" time="0.533" /><testcase classname="backend.tests.test_iteration39_production_audit.TestParrainage" name="test_referral_leaderboard" time="0.288" /><testcase classname="backend.tests.test_iteration39_production_audit.TestTitelliProPlus" name="test_pro_status_enterprise_only" time="0.708" /><testcase classname="backend.tests.test_iteration39_production_audit.TestTitelliProPlus" name="test_pro_subscribe_stripe_checkout" time="0.882" /><testcase classname="backend.tests.test_iteration39_production_audit.TestTitelliProPlus" name="test_pro_deliveries" time="0.459" /><testcase classname="backend.tests.test_iteration39_production_audit.TestTitelliProPlus" name="test_pro_liquidations" time="0.413" /><testcase classname="backend.tests.test_iteration39_production_audit.TestSpecialists" name="test_specialists_categories_count_10" time="0.044" /><testcase classname="backend.tests.test_iteration39_production_audit.TestSpecialists" name="test_specialists_passes_count_3" time="0.042"><failure message="TypeError: string indices must be integers, not 'str'">backend/tests/test_iteration39_production_audit.py:374: in test_specialists_passes_count_3
    pass_prices = {p["id"]: p["price"] for p in data["passes"]}
                  ^^^^^^^^^^^^^^^^^^^^^^^^^^^^^^^^^^^^^^^^^^^^^
backend/tests/test_iteration39_production_audit.py:374: in &lt;dictcomp&gt;
    pass_prices = {p["id"]: p["price"] for p in data["passes"]}
                   ^^^^^^^
E   TypeError: string indices must be integers, not 'str'</failure></testcase><testcase classname="backend.tests.test_iteration39_production_audit.TestSpecialists" name="test_specialists_pass_subscribe_stripe" time="0.192"><failure message="assert 404 in [200, 402]&#10; +  where 404 = &lt;Response [404]&gt;.status_code">backend/tests/test_iteration39_production_audit.py:385: in test_specialists_pass_subscribe_stripe
    assert response.status_code in [200, 402]
E   assert 404 in [200, 402]
E    +  where 404 = &lt;Response [404]&gt;.status_code</failure></testcase><testcase classname="backend.tests.test_iteration39_production_audit.TestSpecialists" name="test_specialists_requests" time="0.413" /><testcase classname="backend.tests.test_iteration39_production_audit.TestNotifications" name="test_notifications_list" time="0.546" /><testcase classname="backend.tests.test_iteration39_production_audit.TestNotifications" name="test_notifications_unread_count" time="0.418" /><testcase classname="backend.tests.test_iteration39_production_audit.TestNotifications" name="test_notifications_preferences" time="0.420" /><testcase classname="backend.tests.test_iteration39_production_audit.TestEmailPreferences" name="test_email_preferences_get" time="0.435" /><testcase classname="backend.tests.test_iteration39_production_audit.TestEmailPreferences" name="test_email_preferences_put" time="0.407" /><testcase classname="backend.tests.test_iteration39_production_audit.TestStripeConfiguration" name="test_stripe_checkout_urls_are_live" time="1.739" /><testcase classname="backend.tests.test_iteration39_production_audit.TestHealthAndBasics" name="test_health_endpoint" time="0.037" /></testsuite></testsuites>