<?xml version="1.0" encoding="utf-8"?><testsuites name="pytest tests"><testsuite name="pytest" errors="0" failures="1" skipped="0" tests="16" time="11.084" timestamp="2026-01-23T19:10:00.933501+00:00" hostname="agent-env-989d871b-57e7-4d3e-83d2-9a2af39e9442"><testcase classname="backend.tests.test_payment_subscription_audit.TestAuthSetup" name="test_client_login" time="1.281" /><testcase classname="backend.tests.test_payment_subscription_audit.TestAuthSetup" name="test_enterprise_login" time="0.210" /><testcase classname="backend.tests.test_payment_subscription_audit.TestPremiumCheckout" name="test_premium_checkout_returns_stripe_url" time="1.020" /><testcase classname="backend.tests.test_payment_subscription_audit.TestPremiumCheckout" name="test_vip_checkout_returns_stripe_url" time="0.778" /><testcase classname="backend.tests.test_payment_subscription_audit.TestPremiumCheckout" name="test_invalid_plan_rejected" time="0.398" /><testcase classname="backend.tests.test_payment_subscription_audit.TestPremiumStatus" name="test_get_premium_status" time="0.575" /><testcase classname="backend.tests.test_payment_subscription_audit.TestPremiumCancellation" name="test_cancel_subscription_removes_benefits" time="0.958" /><testcase classname="backend.tests.test_payment_subscription_audit.TestEnterpriseSubscription" name="test_enterprise_subscription_checkout_standard" time="0.739" /><testcase classname="backend.tests.test_payment_subscription_audit.TestEnterpriseSubscription" name="test_enterprise_subscription_checkout_premium" time="0.721" /><testcase classname="backend.tests.test_payment_subscription_audit.TestEnterpriseSubscription" name="test_invalid_plan_rejected" time="0.347" /><testcase classname="backend.tests.test_payment_subscription_audit.TestIACampaignTargeting" name="test_ia_campaign_creates_with_real_targeting" time="0.797" /><testcase classname="backend.tests.test_payment_subscription_audit.TestIACampaignTargeting" name="test_ia_campaign_location_targeting" time="0.717" /><testcase classname="backend.tests.test_payment_subscription_audit.TestTrainingPurchase" name="test_training_purchase_returns_stripe_url" time="0.349"><failure message="AttributeError: 'list' object has no attribute 'get'">backend/tests/test_payment_subscription_audit.py:361: in test_training_purchase_returns_stripe_url
    trainings = trainings_response.json().get("trainings", [])
                ^^^^^^^^^^^^^^^^^^^^^^^^^^^^^
E   AttributeError: 'list' object has no attribute 'get'</failure></testcase><testcase classname="backend.tests.test_payment_subscription_audit.TestCashbackRates" name="test_cashback_rates_in_premium_plans" time="0.620" /><testcase classname="backend.tests.test_payment_subscription_audit.TestNoMockedAPIs" name="test_stripe_integration_is_real" time="0.760" /><testcase classname="backend.tests.test_payment_subscription_audit.TestNoMockedAPIs" name="test_database_queries_are_real" time="0.707" /></testsuite></testsuites>