<?xml version="1.0" encoding="utf-8"?><testsuites name="pytest tests"><testsuite name="pytest" errors="0" failures="5" skipped="0" tests="15" time="8.608" timestamp="2026-01-23T00:10:22.596669+00:00" hostname="agent-env-c7bf67dc-80d2-4152-916f-e54a764d9793"><testcase classname="backend.tests.test_influencer_refactoring.TestHealthAndBasics" name="test_health_endpoint" time="0.058" /><testcase classname="backend.tests.test_influencer_refactoring.TestInfluencerRegistration" name="test_register_influencer_user" time="1.482" /><testcase classname="backend.tests.test_influencer_refactoring.TestInfluencerProfileAPIs" name="test_get_influencer_profile_unauthorized" time="0.038" /><testcase classname="backend.tests.test_influencer_refactoring.TestInfluencerProfileAPIs" name="test_get_influencer_profile_with_token" time="1.119"><failure message="assert 520 == 200&#10; +  where 520 = &lt;Response [520]&gt;.status_code">backend/tests/test_influencer_refactoring.py:124: in test_get_influencer_profile_with_token
    assert response.status_code == 200
E   assert 520 == 200
E    +  where 520 = &lt;Response [520]&gt;.status_code</failure></testcase><testcase classname="backend.tests.test_influencer_refactoring.TestInfluencerProfileAPIs" name="test_update_influencer_profile" time="0.740"><failure message="assert 404 == 200&#10; +  where 404 = &lt;Response [404]&gt;.status_code">backend/tests/test_influencer_refactoring.py:144: in test_update_influencer_profile
    assert response.status_code == 200
E   assert 404 == 200
E    +  where 404 = &lt;Response [404]&gt;.status_code</failure></testcase><testcase classname="backend.tests.test_influencer_refactoring.TestInfluencersListAPI" name="test_get_influencers_list" time="0.148"><failure message="assert False&#10; +  where False = isinstance({'influencers': [{'bio': 'Tech reviewer et entrepreneur', 'category': 'Tech', 'created_at': '2026-01-22T21:52:54.332166+00:00', 'engagement_rate': 3.9, ...}, {'bio': 'Photographe de voyage et aventurier', 'category': 'Travel', 'created_at': '2026-01-22T21:52:54.554738+00:00', 'engagement_rate': 4.5, ...}, {'bio': 'Chef et critique culinaire suisse', 'category': 'Food', 'created_at': '2026-01-22T21:52:54.095615+00:00', 'engagement_rate': 4.8, ...}, {'bio': &quot;Blogueuse lifestyle et déco d'intérieur&quot;, 'category': 'Lifestyle', 'created_at': '2026-01-22T21:52:54.666363+00:00', 'engagement_rate': 5.8, ...}, {'bio': 'Maquilleuse professionnelle et consultante beauté', 'category': 'Beauty', 'created_at': '2026-01-22T21:52:54.207031+00:00', 'engagement_rate': 6.1, ...}, {'bio': 'Sommelier et critique gastronomique', 'category': 'Food', 'created_at': '2026-01-22T21:52:54.781265+00:00', 'engagement_rate': 6.4, ...}, ...], 'total': 8}, list)">backend/tests/test_influencer_refactoring.py:159: in test_get_influencers_list
    assert isinstance(data, list)
E   assert False
E    +  where False = isinstance({'influencers': [{'bio': 'Tech reviewer et entrepreneur', 'category': 'Tech', 'created_at': '2026-01-22T21:52:54.332166+00:00', 'engagement_rate': 3.9, ...}, {'bio': 'Photographe de voyage et aventurier', 'category': 'Travel', 'created_at': '2026-01-22T21:52:54.554738+00:00', 'engagement_rate': 4.5, ...}, {'bio': 'Chef et critique culinaire suisse', 'category': 'Food', 'created_at': '2026-01-22T21:52:54.095615+00:00', 'engagement_rate': 4.8, ...}, {'bio': "Blogueuse lifestyle et déco d'intérieur", 'category': 'Lifestyle', 'created_at': '2026-01-22T21:52:54.666363+00:00', 'engagement_rate': 5.8, ...}, {'bio': 'Maquilleuse professionnelle et consultante beauté', 'category': 'Beauty', 'created_at': '2026-01-22T21:52:54.207031+00:00', 'engagement_rate': 6.1, ...}, {'bio': 'Sommelier et critique gastronomique', 'category': 'Food', 'created_at': '2026-01-22T21:52:54.781265+00:00', 'engagement_rate': 6.4, ...}, ...], 'total': 8}, list)</failure></testcase><testcase classname="backend.tests.test_influencer_refactoring.TestInfluencersListAPI" name="test_get_influencers_by_category" time="0.145"><failure message="assert False&#10; +  where False = isinstance({'influencers': [{'bio': &quot;Blogueuse lifestyle et déco d'intérieur&quot;, 'category': 'Lifestyle', 'created_at': '2026-01-22T21:52:54.666363+00:00', 'engagement_rate': 5.8, ...}, {'bio': 'Passionnée de mode et de lifestyle à Lausanne', 'category': 'Lifestyle', 'created_at': '2026-01-22T21:52:53.948533+00:00', 'engagement_rate': 5.2, ...}], 'total': 2}, list)">backend/tests/test_influencer_refactoring.py:168: in test_get_influencers_by_category
    assert isinstance(data, list)
E   assert False
E    +  where False = isinstance({'influencers': [{'bio': "Blogueuse lifestyle et déco d'intérieur", 'category': 'Lifestyle', 'created_at': '2026-01-22T21:52:54.666363+00:00', 'engagement_rate': 5.8, ...}, {'bio': 'Passionnée de mode et de lifestyle à Lausanne', 'category': 'Lifestyle', 'created_at': '2026-01-22T21:52:53.948533+00:00', 'engagement_rate': 5.2, ...}], 'total': 2}, list)</failure></testcase><testcase classname="backend.tests.test_influencer_refactoring.TestIACampaignsAPI" name="test_get_ia_campaigns" time="0.570" /><testcase classname="backend.tests.test_influencer_refactoring.TestIACampaignsAPI" name="test_create_ia_campaign" time="0.990" /><testcase classname="backend.tests.test_influencer_refactoring.TestInvitationsAPI" name="test_get_invitations" time="0.587" /><testcase classname="backend.tests.test_influencer_refactoring.TestInvitationsAPI" name="test_create_invitation" time="0.991" /><testcase classname="backend.tests.test_influencer_refactoring.TestInfluencerCollaborationsAPI" name="test_get_collaborations" time="0.681" /><testcase classname="backend.tests.test_influencer_refactoring.TestInfluencerCollaborationsAPI" name="test_create_collaboration" time="0.344"><failure message="KeyError: 0">backend/tests/test_influencer_refactoring.py:292: in test_create_collaboration
    influencer_id = influencers_response.json()[0].get("id")
                    ^^^^^^^^^^^^^^^^^^^^^^^^^^^^^^
E   KeyError: 0</failure></testcase><testcase classname="backend.tests.test_influencer_refactoring.TestEnterpriseDashboardLogin" name="test_enterprise_login" time="0.203" /><testcase classname="backend.tests.test_influencer_refactoring.TestEnterpriseDashboardLogin" name="test_get_enterprise_profile" time="0.354" /></testsuite></testsuites>