<?xml version="1.0" encoding="utf-8"?><testsuites name="pytest tests"><testsuite name="pytest" errors="0" failures="12" skipped="0" tests="20" time="9.772" timestamp="2026-01-23T19:31:43.224124+00:00" hostname="agent-env-989d871b-57e7-4d3e-83d2-9a2af39e9442"><testcase classname="backend.tests.test_p1_features_audit.TestClientAuthentication" name="test_client_login" time="1.269" /><testcase classname="backend.tests.test_p1_features_audit.TestEnterpriseAuthentication" name="test_enterprise_login" time="0.208" /><testcase classname="backend.tests.test_p1_features_audit.TestClientWishlist" name="test_get_wishlist" time="0.469"><failure message="AssertionError: Wishlist should be a list&#10;assert False&#10; +  where False = isinstance({'items': [{'created_at': '2026-01-23T19:20:57.821703+00:00', 'enterprise_id': 'b34dd7dd-e7ac-4308-83c8-173163ebc819', 'enterprise_name': 'Unknown', 'id': 'be704ada-ad3d-4709-af75-9b9f9914c4e9', ...}]}, list)">backend/tests/test_p1_features_audit.py:109: in test_get_wishlist
    assert isinstance(data, list), "Wishlist should be a list"
E   AssertionError: Wishlist should be a list
E   assert False
E    +  where False = isinstance({'items': [{'created_at': '2026-01-23T19:20:57.821703+00:00', 'enterprise_id': 'b34dd7dd-e7ac-4308-83c8-173163ebc819', 'enterprise_name': 'Unknown', 'id': 'be704ada-ad3d-4709-af75-9b9f9914c4e9', ...}]}, list)</failure></testcase><testcase classname="backend.tests.test_p1_features_audit.TestClientWishlist" name="test_add_to_wishlist" time="0.391" /><testcase classname="backend.tests.test_p1_features_audit.TestClientWishlist" name="test_wishlist_check" time="0.415" /><testcase classname="backend.tests.test_p1_features_audit.TestClientProviders" name="test_get_providers" time="0.373"><failure message="AssertionError: Providers should be a list&#10;assert False&#10; +  where False = isinstance({'providers': [{'category': 'soins_esthetiques', 'city': 'Lausanne', 'created_at': '2026-01-23T19:21:10.619094+00:00', 'enterprise_id': 'b34dd7dd-e7ac-4308-83c8-173163ebc819', ...}]}, list)">backend/tests/test_p1_features_audit.py:162: in test_get_providers
    assert isinstance(data, list), "Providers should be a list"
E   AssertionError: Providers should be a list
E   assert False
E    +  where False = isinstance({'providers': [{'category': 'soins_esthetiques', 'city': 'Lausanne', 'created_at': '2026-01-23T19:21:10.619094+00:00', 'enterprise_id': 'b34dd7dd-e7ac-4308-83c8-173163ebc819', ...}]}, list)</failure></testcase><testcase classname="backend.tests.test_p1_features_audit.TestClientProviders" name="test_add_provider" time="0.410"><failure message="AssertionError: Add provider failed: {&quot;detail&quot;:[{&quot;type&quot;:&quot;missing&quot;,&quot;loc&quot;:[&quot;body&quot;,&quot;enterprise_name&quot;],&quot;msg&quot;:&quot;Field required&quot;,&quot;input&quot;:{&quot;enterprise_id&quot;:&quot;b34dd7dd-e7ac-4308-83c8-173163ebc819&quot;},&quot;url&quot;:&quot;https://errors.pydantic.dev/2.12/v/missing&quot;}]}&#10;assert 422 in [200, 201, 400]&#10; +  where 422 = &lt;Response [422]&gt;.status_code">backend/tests/test_p1_features_audit.py:181: in test_add_provider
    assert response.status_code in [200, 201, 400], f"Add provider failed: {response.text}"
E   AssertionError: Add provider failed: {"detail":[{"type":"missing","loc":["body","enterprise_name"],"msg":"Field required","input":{"enterprise_id":"b34dd7dd-e7ac-4308-83c8-173163ebc819"},"url":"https://errors.pydantic.dev/2.12/v/missing"}]}
E   assert 422 in [200, 201, 400]
E    +  where 422 = &lt;Response [422]&gt;.status_code</failure></testcase><testcase classname="backend.tests.test_p1_features_audit.TestClientPremium" name="test_get_premium_status" time="0.371"><failure message="AssertionError: Cashback rate mismatch for free: expected 0.01, got 1&#10;assert 1 == 0.01">backend/tests/test_p1_features_audit.py:215: in test_get_premium_status
    assert cashback_rate == expected_rates[plan], f"Cashback rate mismatch for {plan}: expected {expected_rates[plan]}, got {cashback_rate}"
E   AssertionError: Cashback rate mismatch for free: expected 0.01, got 1
E   assert 1 == 0.01</failure></testcase><testcase classname="backend.tests.test_p1_features_audit.TestClientPremium" name="test_premium_checkout_creates_real_stripe_session" time="0.889" /><testcase classname="backend.tests.test_p1_features_audit.TestClientPremium" name="test_premium_cancel" time="0.372"><failure message="AssertionError: Premium cancel failed: {&quot;detail&quot;:&quot;Aucun abonnement actif à annuler&quot;}&#10;assert 404 in [200, 400]&#10; +  where 404 = &lt;Response [404]&gt;.status_code">backend/tests/test_p1_features_audit.py:248: in test_premium_cancel
    assert response.status_code in [200, 400], f"Premium cancel failed: {response.text}"
E   AssertionError: Premium cancel failed: {"detail":"Aucun abonnement actif à annuler"}
E   assert 404 in [200, 400]
E    +  where 404 = &lt;Response [404]&gt;.status_code</failure></testcase><testcase classname="backend.tests.test_p1_features_audit.TestClientFinances" name="test_get_finances" time="0.610"><failure message="AssertionError: Response should have cashback_balance&#10;assert 'cashback_balance' in {'recent_cashback': [{'amount': 12.0, 'created_at': '2026-01-23T14:57:05.764201+00:00', 'description': '10% cashback sur commande #a4caf121', 'enterprise_id': 'b34dd7dd-e7ac-4308-83c8-173163ebc819', ...}], 'recent_orders': [{'created_at': '2026-01-23T14:57:05.314929+00:00', 'delivery_address': None, 'enterprise_id': 'b34dd7dd-e7ac-4308-83c8-173163ebc819', 'id': 'a4caf121-c2ac-4f40-a77b-908407cd6764', ...}, {'created_at': '2026-01-22T18:56:15.440057+00:00', 'delivery_address': 'Rue de Test 123, 1000 Lausanne', 'enterprise_id': 'b34dd7dd-e7ac-4308-83c8-173163ebc819', 'id': 'ce56334b-9a8a-4752-94dc-6564251c53e4', ...}, {'created_at': '2026-01-22T18:55:21.719942+00:00', 'delivery_address': 'Rue de Test 123, 1000 Lausanne', 'enterprise_id': 'b34dd7dd-e7ac-4308-83c8-173163ebc819', 'id': '387e27ce-46fc-44a7-a5b9-dfd946f4a4ea', ...}, {'created_at': '2026-01-22T18:22:15.267123+00:00', 'delivery_address': '123 Test Street, Lausanne', 'enterprise_id': 'b34dd7dd-e7ac-4308-83c8-173163ebc819', 'id': '194b9925-5075-4efd-92de-cd6764a5f02d', ...}, {'created_at': '2026-01-22T18:18:04.047982+00:00', 'delivery_address': '123 Test Street, Lausanne', 'enterprise_id': 'b34dd7dd-e7ac-4308-83c8-173163ebc819', 'id': '97e8aea8-6ac6-40c7-87ff-61dad8db788e', ...}], 'statistics': {'current_cashback_balance': 85.47, 'orders_count': 8, 'savings_percentage': 1.2, 'total_cashback_earned': 12.0, ...}}">backend/tests/test_p1_features_audit.py:265: in test_get_finances
    assert "cashback_balance" in data, "Response should have cashback_balance"
E   AssertionError: Response should have cashback_balance
E   assert 'cashback_balance' in {'recent_cashback': [{'amount': 12.0, 'created_at': '2026-01-23T14:57:05.764201+00:00', 'description': '10% cashback sur commande #a4caf121', 'enterprise_id': 'b34dd7dd-e7ac-4308-83c8-173163ebc819', ...}], 'recent_orders': [{'created_at': '2026-01-23T14:57:05.314929+00:00', 'delivery_address': None, 'enterprise_id': 'b34dd7dd-e7ac-4308-83c8-173163ebc819', 'id': 'a4caf121-c2ac-4f40-a77b-908407cd6764', ...}, {'created_at': '2026-01-22T18:56:15.440057+00:00', 'delivery_address': 'Rue de Test 123, 1000 Lausanne', 'enterprise_id': 'b34dd7dd-e7ac-4308-83c8-173163ebc819', 'id': 'ce56334b-9a8a-4752-94dc-6564251c53e4', ...}, {'created_at': '2026-01-22T18:55:21.719942+00:00', 'delivery_address': 'Rue de Test 123, 1000 Lausanne', 'enterprise_id': 'b34dd7dd-e7ac-4308-83c8-173163ebc819', 'id': '387e27ce-46fc-44a7-a5b9-dfd946f4a4ea', ...}, {'created_at': '2026-01-22T18:22:15.267123+00:00', 'delivery_address': '123 Test Street, Lausanne', 'enterprise_id': 'b34dd7dd-e7ac-4308-83c8-173163ebc819', 'id': '194b9925-5075-4efd-92de-cd6764a5f02d', ...}, {'created_at': '2026-01-22T18:18:04.047982+00:00', 'delivery_address': '123 Test Street, Lausanne', 'enterprise_id': 'b34dd7dd-e7ac-4308-83c8-173163ebc819', 'id': '97e8aea8-6ac6-40c7-87ff-61dad8db788e', ...}], 'statistics': {'current_cashback_balance': 85.47, 'orders_count': 8, 'savings_percentage': 1.2, 'total_cashback_earned': 12.0, ...}}</failure></testcase><testcase classname="backend.tests.test_p1_features_audit.TestClientAgenda" name="test_get_agenda" time="0.260"><failure message="AssertionError: Agenda should be a list&#10;assert False&#10; +  where False = isinstance({'events': []}, list)">backend/tests/test_p1_features_audit.py:283: in test_get_agenda
    assert isinstance(data, list), "Agenda should be a list"
E   AssertionError: Agenda should be a list
E   assert False
E    +  where False = isinstance({'events': []}, list)</failure></testcase><testcase classname="backend.tests.test_p1_features_audit.TestClientDonations" name="test_get_donations" time="0.259"><failure message="AssertionError: Donations should be a list&#10;assert False&#10; +  where False = isinstance({'donations': [{'amount': 10.0, 'created_at': '2026-01-23T18:01:58.941031+00:00', 'donor_id': 'c99d11be-d54e-4f09-abd1-05ae34a933cb', 'donor_name': 'Anonyme', ...}, {'amount': 25.0, 'created_at': '2026-01-23T18:01:58.504362+00:00', 'donor_id': 'c99d11be-d54e-4f09-abd1-05ae34a933cb', 'donor_name': 'Marie Dupont', ...}, {'amount': 10.0, 'created_at': '2026-01-23T18:01:11.196589+00:00', 'donor_id': 'c99d11be-d54e-4f09-abd1-05ae34a933cb', 'donor_name': 'Anonyme', ...}, {'amount': 25.0, 'created_at': '2026-01-23T18:01:10.684697+00:00', 'donor_id': 'c99d11be-d54e-4f09-abd1-05ae34a933cb', 'donor_name': 'Marie Dupont', ...}], 'donations_count': 4, 'total_donated': 70.0}, list)">backend/tests/test_p1_features_audit.py:299: in test_get_donations
    assert isinstance(data, list), "Donations should be a list"
E   AssertionError: Donations should be a list
E   assert False
E    +  where False = isinstance({'donations': [{'amount': 10.0, 'created_at': '2026-01-23T18:01:58.941031+00:00', 'donor_id': 'c99d11be-d54e-4f09-abd1-05ae34a933cb', 'donor_name': 'Anonyme', ...}, {'amount': 25.0, 'created_at': '2026-01-23T18:01:58.504362+00:00', 'donor_id': 'c99d11be-d54e-4f09-abd1-05ae34a933cb', 'donor_name': 'Marie Dupont', ...}, {'amount': 10.0, 'created_at': '2026-01-23T18:01:11.196589+00:00', 'donor_id': 'c99d11be-d54e-4f09-abd1-05ae34a933cb', 'donor_name': 'Anonyme', ...}, {'amount': 25.0, 'created_at': '2026-01-23T18:01:10.684697+00:00', 'donor_id': 'c99d11be-d54e-4f09-abd1-05ae34a933cb', 'donor_name': 'Marie Dupont', ...}], 'donations_count': 4, 'total_donated': 70.0}, list)</failure></testcase><testcase classname="backend.tests.test_p1_features_audit.TestEnterpriseServices" name="test_get_enterprise_services" time="0.582" /><testcase classname="backend.tests.test_p1_features_audit.TestEnterpriseOrders" name="test_get_enterprise_orders" time="0.368" /><testcase classname="backend.tests.test_p1_features_audit.TestEnterpriseIACampaigns" name="test_get_ia_campaigns" time="0.479"><failure message="AssertionError: IA campaigns should be a list&#10;assert False&#10; +  where False = isinstance({'campaigns': [{'age_range': '25-45', 'behavior': [], 'budget': 'medium', 'conversions': 0, ...}, {'age_range': '25-45', 'behavior': [], 'budget': 'low', 'conversions': 0, ...}, {'age_range': '25-45', 'behavior': [], 'budget': 'high', 'conversions': 0, ...}, {'age_range': '25-45', 'behavior': ['frequent_buyer'], 'budget': 'medium', 'conversions': 0, ...}, {'age_range': '25-45', 'behavior': [], 'budget': 'low', 'conversions': 0, ...}, {'age_range': '25-45', 'behavior': [], 'budget': 'high', 'conversions': 0, ...}, ...], 'stats': {'active_campaigns': 11, 'conversion_rate': 0.1, 'engagement_rate': 5.9, 'real_customers': 1, ...}}, list)">backend/tests/test_p1_features_audit.py:361: in test_get_ia_campaigns
    assert isinstance(data, list), "IA campaigns should be a list"
E   AssertionError: IA campaigns should be a list
E   assert False
E    +  where False = isinstance({'campaigns': [{'age_range': '25-45', 'behavior': [], 'budget': 'medium', 'conversions': 0, ...}, {'age_range': '25-45', 'behavior': [], 'budget': 'low', 'conversions': 0, ...}, {'age_range': '25-45', 'behavior': [], 'budget': 'high', 'conversions': 0, ...}, {'age_range': '25-45', 'behavior': ['frequent_buyer'], 'budget': 'medium', 'conversions': 0, ...}, {'age_range': '25-45', 'behavior': [], 'budget': 'low', 'conversions': 0, ...}, {'age_range': '25-45', 'behavior': [], 'budget': 'high', 'conversions': 0, ...}, ...], 'stats': {'active_campaigns': 11, 'conversion_rate': 0.1, 'engagement_rate': 5.9, 'real_customers': 1, ...}}, list)</failure></testcase><testcase classname="backend.tests.test_p1_features_audit.TestEnterpriseIACampaigns" name="test_create_ia_campaign_with_real_targeting" time="0.600" /><testcase classname="backend.tests.test_p1_features_audit.TestEnterpriseAdvertising" name="test_get_advertising" time="0.368"><failure message="AssertionError: Advertising should be a list&#10;assert False&#10; +  where False = isinstance({'campaigns': [{'ad_type': 'standard', 'budget': 100.0, 'clicks': 0, 'created_at': '2026-01-23T02:15:24.040621+00:00', ...}], 'stats': {'active_campaigns': 0, 'ctr': 0, 'total_campaigns': 1, 'total_clicks': 0, ...}}, list)">backend/tests/test_p1_features_audit.py:414: in test_get_advertising
    assert isinstance(data, list), "Advertising should be a list"
E   AssertionError: Advertising should be a list
E   assert False
E    +  where False = isinstance({'campaigns': [{'ad_type': 'standard', 'budget': 100.0, 'clicks': 0, 'created_at': '2026-01-23T02:15:24.040621+00:00', ...}], 'stats': {'active_campaigns': 0, 'ctr': 0, 'total_campaigns': 1, 'total_clicks': 0, ...}}, list)</failure></testcase><testcase classname="backend.tests.test_p1_features_audit.TestEnterpriseSubscription" name="test_subscription_checkout_standard" time="0.430"><failure message="AssertionError: Response should have checkout_url&#10;assert 'checkout_url' in {'session_id': 'cs_live_a13vMNggMCLwdmZW6eT6sNp55ZHYlsoXnDLzZqjzY7TZh2kMB5iqTGea0K', 'url': 'https://checkout.stripe.com/c/pay/cs_live_a13vMNggMCLwdmZW6eT6sNp55ZHYlsoXnDLzZqjzY7TZh2kMB5iqTGea0K#fidnandhYHdWcXxpYCc%2FJ2FgY2RwaXEnKSdkdWxOYHwnPyd1blppbHNgWjA0V2Bpc2JOQjc9QX1fMEZGcWQ1RmpAU31ufG5RRGFPbXY3SXZRMWtqcWN0UUJ0dTBGd3BRcEJmMmlTa3R9dmN3dl9xTXRjNFZ8UlRJS3QzMWtQcENxT3xTNTVmRjJfa2c0SycpJ2N3amhWYHdzYHcnP3F3cGApJ2dkZm5id2pwa2FGamlqdyc%2FJyZjY2NjY2MnKSdpZHxqcHFRfHVgJz8ndmxrYmlgWmxxYGgnKSdga2RnaWBVaWRmYG1qaWFgd3YnP3F3cGB4JSUl'}">backend/tests/test_p1_features_audit.py:435: in test_subscription_checkout_standard
    assert "checkout_url" in data, "Response should have checkout_url"
E   AssertionError: Response should have checkout_url
E   assert 'checkout_url' in {'session_id': 'cs_live_a13vMNggMCLwdmZW6eT6sNp55ZHYlsoXnDLzZqjzY7TZh2kMB5iqTGea0K', 'url': 'https://checkout.stripe.com/c/pay/cs_live_a13vMNggMCLwdmZW6eT6sNp55ZHYlsoXnDLzZqjzY7TZh2kMB5iqTGea0K#fidnandhYHdWcXxpYCc%2FJ2FgY2RwaXEnKSdkdWxOYHwnPyd1blppbHNgWjA0V2Bpc2JOQjc9QX1fMEZGcWQ1RmpAU31ufG5RRGFPbXY3SXZRMWtqcWN0UUJ0dTBGd3BRcEJmMmlTa3R9dmN3dl9xTXRjNFZ8UlRJS3QzMWtQcENxT3xTNTVmRjJfa2c0SycpJ2N3amhWYHdzYHcnP3F3cGApJ2dkZm5id2pwa2FGamlqdyc%2FJyZjY2NjY2MnKSdpZHxqcHFRfHVgJz8ndmxrYmlgWmxxYGgnKSdga2RnaWBVaWRmYG1qaWFgd3YnP3F3cGB4JSUl'}</failure></testcase><testcase classname="backend.tests.test_p1_features_audit.TestCleanup" name="test_cleanup_test_campaigns" time="0.482"><failure message="AttributeError: 'str' object has no attribute 'get'">backend/tests/test_p1_features_audit.py:455: in test_cleanup_test_campaigns
    if campaign.get('name', '').startswith('TEST_'):
       ^^^^^^^^^^^^
E   AttributeError: 'str' object has no attribute 'get'</failure></testcase></testsuite></testsuites>