<?xml version="1.0" encoding="utf-8"?><testsuites name="pytest tests"><testsuite name="pytest" errors="0" failures="10" skipped="0" tests="21" time="13.072" timestamp="2026-01-25T01:24:06.334907+00:00" hostname="agent-env-b15102dc-4213-4440-b10c-e37f4b3e1e00"><testcase classname="backend.tests.test_iteration34_real_system.TestHealthAndBasics" name="test_api_health" time="0.069" /><testcase classname="backend.tests.test_iteration34_real_system.TestAuthentication" name="test_admin_login" time="0.199" /><testcase classname="backend.tests.test_iteration34_real_system.TestAuthentication" name="test_client_login" time="0.204" /><testcase classname="backend.tests.test_iteration34_real_system.TestCashbackSystem" name="test_premium_plans_endpoint" time="0.242"><failure message="assert 404 == 200&#10; +  where 404 = &lt;Response [404]&gt;.status_code">backend/tests/test_iteration34_real_system.py:83: in test_premium_plans_endpoint
    assert response.status_code == 200
E   assert 404 == 200
E    +  where 404 = &lt;Response [404]&gt;.status_code</failure></testcase><testcase classname="backend.tests.test_iteration34_real_system.TestCashbackSystem" name="test_cashback_transactions_real_data" time="0.239"><failure message="assert 404 == 200&#10; +  where 404 = &lt;Response [404]&gt;.status_code">backend/tests/test_iteration34_real_system.py:112: in test_cashback_transactions_real_data
    assert response.status_code == 200
E   assert 404 == 200
E    +  where 404 = &lt;Response [404]&gt;.status_code</failure></testcase><testcase classname="backend.tests.test_iteration34_real_system.TestMessagingSystem" name="test_get_conversations" time="0.689"><failure message="AssertionError: assert False&#10; +  where False = isinstance({'conversations': [{'last_message': {'content': 'TEST_Message from iteration 27 test', 'created_at': '2026-01-24T01:04:58.633251+00:00', 'id': '5988ad0a-dde4-429f-a8ce-cd2023bff97e', 'is_read': False, ...}, 'partner': {'cashback_balance': 0, 'city': 'Lausanne', 'created_at': '2026-01-21T22:57:48.436Z', 'email': 'spa.luxury@titelli.com', ...}, 'unread_count': 0}, {'last_message': {'content': 'Test message to self', 'created_at': '2026-01-23T00:49:38.354073+00:00', 'id': 'd304662b-5c6b-4395-9052-3bf89d7c7965', 'is_read': False, ...}, 'partner': {'activity_posts_count': 2, 'bank_account_holder': 'Test User', 'cashback_balance': 100.82000000000001, 'city': 'Lausanne', ...}, 'unread_count': 1}]}, list)">backend/tests/test_iteration34_real_system.py:157: in test_get_conversations
    assert isinstance(data, list)
E   AssertionError: assert False
E    +  where False = isinstance({'conversations': [{'last_message': {'content': 'TEST_Message from iteration 27 test', 'created_at': '2026-01-24T01:04:58.633251+00:00', 'id': '5988ad0a-dde4-429f-a8ce-cd2023bff97e', 'is_read': False, ...}, 'partner': {'cashback_balance': 0, 'city': 'Lausanne', 'created_at': '2026-01-21T22:57:48.436Z', 'email': 'spa.luxury@titelli.com', ...}, 'unread_count': 0}, {'last_message': {'content': 'Test message to self', 'created_at': '2026-01-23T00:49:38.354073+00:00', 'id': 'd304662b-5c6b-4395-9052-3bf89d7c7965', 'is_read': False, ...}, 'partner': {'activity_posts_count': 2, 'bank_account_holder': 'Test User', 'cashback_balance': 100.82000000000001, 'city': 'Lausanne', ...}, 'unread_count': 1}]}, list)</failure></testcase><testcase classname="backend.tests.test_iteration34_real_system.TestMessagingSystem" name="test_send_message" time="0.730"><failure message="assert 422 in [200, 201]&#10; +  where 422 = &lt;Response [422]&gt;.status_code">backend/tests/test_iteration34_real_system.py:177: in test_send_message
    assert response.status_code in [200, 201]
E   assert 422 in [200, 201]
E    +  where 422 = &lt;Response [422]&gt;.status_code</failure></testcase><testcase classname="backend.tests.test_iteration34_real_system.TestFriendRequestSystem" name="test_get_friend_requests" time="0.889"><failure message="AssertionError: assert False&#10; +  where False = isinstance({'received': [{'created_at': '2026-01-23T19:55:46.840221+00:00', 'friend_id': 'c99d11be-d54e-4f09-abd1-05ae34a933cb', 'id': 'e0cad5dd-7c7f-4e0d-a06f-616f481b154c', 'message': None, ...}, {'created_at': '2026-01-24T22:37:15.027889+00:00', 'friend_id': 'c99d11be-d54e-4f09-abd1-05ae34a933cb', 'id': 'e8b6a896-a791-43f3-b405-31cbfcb55a81', 'message': None, ...}], 'sent': [{'created_at': '2026-01-23T00:46:30.397203+00:00', 'friend_id': 'ea83d2dd-7cba-442d-b7ae-8d18d292be95', 'id': '77330b0d-86bf-4744-919b-51ae39cff9e0', 'message': 'Salut! Ajoutons-nous en amis!', ...}]}, list)">backend/tests/test_iteration34_real_system.py:206: in test_get_friend_requests
    assert isinstance(data, list)
E   AssertionError: assert False
E    +  where False = isinstance({'received': [{'created_at': '2026-01-23T19:55:46.840221+00:00', 'friend_id': 'c99d11be-d54e-4f09-abd1-05ae34a933cb', 'id': 'e0cad5dd-7c7f-4e0d-a06f-616f481b154c', 'message': None, ...}, {'created_at': '2026-01-24T22:37:15.027889+00:00', 'friend_id': 'c99d11be-d54e-4f09-abd1-05ae34a933cb', 'id': 'e8b6a896-a791-43f3-b405-31cbfcb55a81', 'message': None, ...}], 'sent': [{'created_at': '2026-01-23T00:46:30.397203+00:00', 'friend_id': 'ea83d2dd-7cba-442d-b7ae-8d18d292be95', 'id': '77330b0d-86bf-4744-919b-51ae39cff9e0', 'message': 'Salut! Ajoutons-nous en amis!', ...}]}, list)</failure></testcase><testcase classname="backend.tests.test_iteration34_real_system.TestFriendRequestSystem" name="test_get_friends_list" time="0.565"><failure message="AssertionError: assert False&#10; +  where False = isinstance({'count': 1, 'friends': [{'address': None, 'cashback_balance': 0.0, 'city': 'Lausanne', 'created_at': '2026-01-23T01:05:41.993498+00:00', ...}]}, list)">backend/tests/test_iteration34_real_system.py:215: in test_get_friends_list
    assert isinstance(data, list)
E   AssertionError: assert False
E    +  where False = isinstance({'count': 1, 'friends': [{'address': None, 'cashback_balance': 0.0, 'city': 'Lausanne', 'created_at': '2026-01-23T01:05:41.993498+00:00', ...}]}, list)</failure></testcase><testcase classname="backend.tests.test_iteration34_real_system.TestEnterpriseInvitations" name="test_get_enterprise_invitations" time="0.565"><failure message="AssertionError: assert False&#10; +  where False = isinstance({'invitations': [{'created_at': '2026-01-22T21:55:15.846461+00:00', 'enterprise_id': 'b34dd7dd-e7ac-4308-83c8-173163ebc819', 'id': '952048ed-6882-4275-9330-25648dd2642f', 'incentive': None, ...}], 'stats': {'open_rate': 56.5, 'response_rate': 14.4, 'total_opened': 626, 'total_responses': 90, ...}}, list)">backend/tests/test_iteration34_real_system.py:244: in test_get_enterprise_invitations
    assert isinstance(data, list)
E   AssertionError: assert False
E    +  where False = isinstance({'invitations': [{'created_at': '2026-01-22T21:55:15.846461+00:00', 'enterprise_id': 'b34dd7dd-e7ac-4308-83c8-173163ebc819', 'id': '952048ed-6882-4275-9330-25648dd2642f', 'incentive': None, ...}], 'stats': {'open_rate': 56.5, 'response_rate': 14.4, 'total_opened': 626, 'total_responses': 90, ...}}, list)</failure></testcase><testcase classname="backend.tests.test_iteration34_real_system.TestEnterpriseInvitations" name="test_create_enterprise_invitation" time="1.100" /><testcase classname="backend.tests.test_iteration34_real_system.TestEnterpriseInvitations" name="test_get_client_invitations" time="0.457"><failure message="AssertionError: assert False&#10; +  where False = isinstance({'invitations': []}, list)">backend/tests/test_iteration34_real_system.py:276: in test_get_client_invitations
    assert isinstance(data, list)
E   AssertionError: assert False
E    +  where False = isinstance({'invitations': []}, list)</failure></testcase><testcase classname="backend.tests.test_iteration34_real_system.TestAdminSections" name="test_admin_stats_endpoint" time="1.001"><failure message="AssertionError: assert 'total_users' in {'recent_orders': [{'created_at': '2026-01-24T01:21:58.669506+00:00', 'delivery_address': None, 'enterprise_id': 'b34dd7dd-e7ac-4308-83c8-173163ebc819', 'id': '0938b117-ba1c-4266-95f7-1e5617b86ec5', ...}, {'created_at': '2026-01-24T01:21:54.480567+00:00', 'delivery_address': None, 'enterprise_id': 'b34dd7dd-e7ac-4308-83c8-173163ebc819', 'id': '3dc6b864-c25b-44cd-b54f-77ec9af5b33c', ...}, {'created_at': '2026-01-24T01:21:51.411333+00:00', 'delivery_address': None, 'enterprise_id': 'b34dd7dd-e7ac-4308-83c8-173163ebc819', 'id': '5019df91-0785-43cc-bb47-9f22747cef21', ...}, {'created_at': '2026-01-24T01:21:43.285114+00:00', 'delivery_address': None, 'enterprise_id': 'b34dd7dd-e7ac-4308-83c8-173163ebc819', 'id': '98666389-59b6-42db-b0e3-c238c62138e5', ...}, {'created_at': '2026-01-24T01:16:26.959094+00:00', 'delivery_address': 'Lausanne', 'enterprise_id': 'b34dd7dd-e7ac-4308-83c8-173163ebc819', 'id': '2af5ac90-038a-4021-9f1e-f4dc39e45b92', ...}, {'created_at': '2026-01-24T00:11:26.145307+00:00', 'delivery_address': None, 'enterprise_id': 'b34dd7dd-e7ac-4308-83c8-173163ebc819', 'id': '9c2ad5e8-2206-4d9c-ac0e-d83331ff967c', ...}, ...], 'recent_users': [{'address': None, 'cashback_balance': 0.0, 'city': 'Lausanne', 'created_at': '2026-01-24T22:53:36.801080+00:00', ...}, {'address': None, 'avatar': '/api/uploads/2d468faa-6846-4f73-9019-92a27b785875.png', 'cashback_balance': 0.0, 'city': 'Lausanne', ...}, {'address': None, 'avatar': '/api/uploads/03d9832a-5929-487c-8ad8-1a6fe21d5823.png', 'cashback_balance': 0.0, 'city': 'Lausanne', ...}, {'address': None, 'cashback_balance': 0.0, 'city': 'Lausanne', 'created_at': '2026-01-24T20:27:53.288638+00:00', ...}, {'address': None, 'cashback_balance': 0.0, 'city': 'Lausanne', 'created_at': '2026-01-24T16:51:08.894627+00:00', ...}, {'address': None, 'cashback_balance': 0.0, 'city': 'Lausanne', 'created_at': '2026-01-23T19:58:36.348484+00:00', ...}, ...], 'stats': {'total_enterprises': 12, 'total_orders': 20, 'total_reviews': 17, 'total_users': 41}}">backend/tests/test_iteration34_real_system.py:299: in test_admin_stats_endpoint
    assert 'total_users' in data
E   AssertionError: assert 'total_users' in {'recent_orders': [{'created_at': '2026-01-24T01:21:58.669506+00:00', 'delivery_address': None, 'enterprise_id': 'b34dd7dd-e7ac-4308-83c8-173163ebc819', 'id': '0938b117-ba1c-4266-95f7-1e5617b86ec5', ...}, {'created_at': '2026-01-24T01:21:54.480567+00:00', 'delivery_address': None, 'enterprise_id': 'b34dd7dd-e7ac-4308-83c8-173163ebc819', 'id': '3dc6b864-c25b-44cd-b54f-77ec9af5b33c', ...}, {'created_at': '2026-01-24T01:21:51.411333+00:00', 'delivery_address': None, 'enterprise_id': 'b34dd7dd-e7ac-4308-83c8-173163ebc819', 'id': '5019df91-0785-43cc-bb47-9f22747cef21', ...}, {'created_at': '2026-01-24T01:21:43.285114+00:00', 'delivery_address': None, 'enterprise_id': 'b34dd7dd-e7ac-4308-83c8-173163ebc819', 'id': '98666389-59b6-42db-b0e3-c238c62138e5', ...}, {'created_at': '2026-01-24T01:16:26.959094+00:00', 'delivery_address': 'Lausanne', 'enterprise_id': 'b34dd7dd-e7ac-4308-83c8-173163ebc819', 'id': '2af5ac90-038a-4021-9f1e-f4dc39e45b92', ...}, {'created_at': '2026-01-24T00:11:26.145307+00:00', 'delivery_address': None, 'enterprise_id': 'b34dd7dd-e7ac-4308-83c8-173163ebc819', 'id': '9c2ad5e8-2206-4d9c-ac0e-d83331ff967c', ...}, ...], 'recent_users': [{'address': None, 'cashback_balance': 0.0, 'city': 'Lausanne', 'created_at': '2026-01-24T22:53:36.801080+00:00', ...}, {'address': None, 'avatar': '/api/uploads/2d468faa-6846-4f73-9019-92a27b785875.png', 'cashback_balance': 0.0, 'city': 'Lausanne', ...}, {'address': None, 'avatar': '/api/uploads/03d9832a-5929-487c-8ad8-1a6fe21d5823.png', 'cashback_balance': 0.0, 'city': 'Lausanne', ...}, {'address': None, 'cashback_balance': 0.0, 'city': 'Lausanne', 'created_at': '2026-01-24T20:27:53.288638+00:00', ...}, {'address': None, 'cashback_balance': 0.0, 'city': 'Lausanne', 'created_at': '2026-01-24T16:51:08.894627+00:00', ...}, {'address': None, 'cashback_balance': 0.0, 'city': 'Lausanne', 'created_at': '2026-01-23T19:58:36.348484+00:00', ...}, ...], 'stats': {'total_enterprises': 12, 'total_orders': 20, 'total_reviews': 17, 'total_users': 41}}</failure></testcase><testcase classname="backend.tests.test_iteration34_real_system.TestAdminSections" name="test_admin_accounting_summary" time="1.331" /><testcase classname="backend.tests.test_iteration34_real_system.TestAdminSections" name="test_admin_enterprises_list" time="0.462" /><testcase classname="backend.tests.test_iteration34_real_system.TestAdminSections" name="test_admin_orders_list" time="0.564" /><testcase classname="backend.tests.test_iteration34_real_system.TestAccountingRealData" name="test_accounting_transactions" time="0.895" /><testcase classname="backend.tests.test_iteration34_real_system.TestAccountingRealData" name="test_subscriptions_real_data" time="1.346" /><testcase classname="backend.tests.test_iteration34_real_system.TestDataPersistence" name="test_user_data_persistence" time="0.355" /><testcase classname="backend.tests.test_iteration34_real_system.TestDataPersistence" name="test_orders_data_persistence" time="0.450" /><testcase classname="backend.tests.test_iteration34_real_system.TestNotificationsSystem" name="test_get_notifications" time="0.562"><failure message="AssertionError: assert False&#10; +  where False = isinstance({'notifications': [{'color': 'green', 'created_at': '2026-01-25T00:49:03.437067+00:00', 'data': {}, 'icon': 'credit-card', ...}, {'color': 'green', 'created_at': '2026-01-25T00:48:13.022969+00:00', 'data': {}, 'icon': 'credit-card', ...}, {'color': 'green', 'created_at': '2026-01-25T00:47:40.686699+00:00', 'data': {}, 'icon': 'credit-card', ...}, {'color': 'green', 'created_at': '2026-01-25T00:47:33.311307+00:00', 'data': {}, 'icon': 'credit-card', ...}, {'color': 'green', 'created_at': '2026-01-25T00:42:43.980376+00:00', 'data': {}, 'icon': 'credit-card', ...}, {'color': 'green', 'created_at': '2026-01-25T00:26:26.721386+00:00', 'data': {}, 'icon': 'credit-card', ...}, ...], 'unread_count': 6}, list)">backend/tests/test_iteration34_real_system.py:488: in test_get_notifications
    assert isinstance(data, list)
E   AssertionError: assert False
E    +  where False = isinstance({'notifications': [{'color': 'green', 'created_at': '2026-01-25T00:49:03.437067+00:00', 'data': {}, 'icon': 'credit-card', ...}, {'color': 'green', 'created_at': '2026-01-25T00:48:13.022969+00:00', 'data': {}, 'icon': 'credit-card', ...}, {'color': 'green', 'created_at': '2026-01-25T00:47:40.686699+00:00', 'data': {}, 'icon': 'credit-card', ...}, {'color': 'green', 'created_at': '2026-01-25T00:47:33.311307+00:00', 'data': {}, 'icon': 'credit-card', ...}, {'color': 'green', 'created_at': '2026-01-25T00:42:43.980376+00:00', 'data': {}, 'icon': 'credit-card', ...}, {'color': 'green', 'created_at': '2026-01-25T00:26:26.721386+00:00', 'data': {}, 'icon': 'credit-card', ...}, ...], 'unread_count': 6}, list)</failure></testcase></testsuite></testsuites>