<?xml version="1.0" encoding="utf-8"?><testsuites name="pytest tests"><testsuite name="pytest" errors="0" failures="1" skipped="0" tests="10" time="8.214" timestamp="2026-01-23T19:58:42.100934+00:00" hostname="agent-env-989d871b-57e7-4d3e-83d2-9a2af39e9442"><testcase classname="backend.tests.test_iteration22_new_features.TestCertifications" name="test_get_available_certifications" time="0.097" /><testcase classname="backend.tests.test_iteration22_new_features.TestCertifications" name="test_apply_for_certification_creates_stripe_checkout" time="1.122" /><testcase classname="backend.tests.test_iteration22_new_features.TestCertifications" name="test_get_enterprise_certifications" time="0.598" /><testcase classname="backend.tests.test_iteration22_new_features.TestExpertServices" name="test_get_expert_services" time="0.041" /><testcase classname="backend.tests.test_iteration22_new_features.TestExpertServices" name="test_book_expert_service_creates_stripe_checkout" time="0.795"><failure message="assert 520 == 200&#10; +  where 520 = &lt;Response [520]&gt;.status_code">backend/tests/test_iteration22_new_features.py:147: in test_book_expert_service_creates_stripe_checkout
    assert response.status_code == 200
E   assert 520 == 200
E    +  where 520 = &lt;Response [520]&gt;.status_code</failure></testcase><testcase classname="backend.tests.test_iteration22_new_features.TestClientInvoices" name="test_get_client_invoices" time="0.687" /><testcase classname="backend.tests.test_iteration22_new_features.TestActivityPost" name="test_create_activity_post" time="0.863" /><testcase classname="backend.tests.test_iteration22_new_features.TestOrderFees" name="test_order_includes_fees" time="1.676" /><testcase classname="backend.tests.test_iteration22_new_features.TestInvestmentCommission" name="test_investment_includes_12pct_commission" time="0.967" /><testcase classname="backend.tests.test_iteration22_new_features.TestWishlistBugFix" name="test_wishlist_add_with_correct_token" time="1.264" /></testsuite></testsuites>