<?xml version="1.0" encoding="utf-8"?><testsuites name="pytest tests"><testsuite name="pytest" errors="0" failures="3" skipped="0" tests="21" time="16.729" timestamp="2026-01-24T00:10:21.884757+00:00" hostname="agent-env-cc0b65cc-bc9a-4f16-af43-a4b402a8ee62"><testcase classname="backend.tests.test_notifications_iteration26.TestAuthAndSetup" name="test_client_login" time="0.236" /><testcase classname="backend.tests.test_notifications_iteration26.TestAuthAndSetup" name="test_enterprise_login" time="0.205" /><testcase classname="backend.tests.test_notifications_iteration26.TestNotificationsCRUD" name="test_get_client_notifications" time="0.618" /><testcase classname="backend.tests.test_notifications_iteration26.TestNotificationsCRUD" name="test_get_enterprise_notifications" time="0.573" /><testcase classname="backend.tests.test_notifications_iteration26.TestNotificationsCRUD" name="test_get_unread_only_notifications" time="0.370" /><testcase classname="backend.tests.test_notifications_iteration26.TestNotificationsCRUD" name="test_mark_notification_read" time="0.656" /><testcase classname="backend.tests.test_notifications_iteration26.TestNotificationsCRUD" name="test_mark_all_notifications_read" time="0.646" /><testcase classname="backend.tests.test_notifications_iteration26.TestNotificationsCRUD" name="test_delete_notification" time="1.008" /><testcase classname="backend.tests.test_notifications_iteration26.TestNotificationsCRUD" name="test_delete_nonexistent_notification" time="0.259" /><testcase classname="backend.tests.test_notifications_iteration26.TestOrderNotifications" name="test_order_creates_client_notification" time="1.733"><failure message="AssertionError: Failed to create order: Internal Server Error&#10;assert 520 == 200&#10; +  where 520 = &lt;Response [520]&gt;.status_code">backend/tests/test_notifications_iteration26.py:247: in test_order_creates_client_notification
    assert response.status_code == 200, f"Failed to create order: {response.text}"
E   AssertionError: Failed to create order: Internal Server Error
E   assert 520 == 200
E    +  where 520 = &lt;Response [520]&gt;.status_code</failure></testcase><testcase classname="backend.tests.test_notifications_iteration26.TestOrderNotifications" name="test_order_creates_enterprise_notification" time="1.288"><failure message="AssertionError: Failed to create order: Internal Server Error&#10;assert 520 == 200&#10; +  where 520 = &lt;Response [520]&gt;.status_code">backend/tests/test_notifications_iteration26.py:281: in test_order_creates_enterprise_notification
    assert response.status_code == 200, f"Failed to create order: {response.text}"
E   AssertionError: Failed to create order: Internal Server Error
E   assert 520 == 200
E    +  where 520 = &lt;Response [520]&gt;.status_code</failure></testcase><testcase classname="backend.tests.test_notifications_iteration26.TestReviewNotifications" name="test_review_creates_enterprise_notification" time="0.997"><failure message="AssertionError: Failed to create review: Internal Server Error&#10;assert 520 == 200&#10; +  where 520 = &lt;Response [520]&gt;.status_code">backend/tests/test_notifications_iteration26.py:330: in test_review_creates_enterprise_notification
    assert response.status_code == 200, f"Failed to create review: {response.text}"
E   AssertionError: Failed to create review: Internal Server Error
E   assert 520 == 200
E    +  where 520 = &lt;Response [520]&gt;.status_code</failure></testcase><testcase classname="backend.tests.test_notifications_iteration26.TestTrainingsAPI" name="test_list_trainings" time="0.353" /><testcase classname="backend.tests.test_notifications_iteration26.TestTrainingsAPI" name="test_get_client_trainings" time="1.136" /><testcase classname="backend.tests.test_notifications_iteration26.TestJobsAPI" name="test_list_jobs" time="1.243" /><testcase classname="backend.tests.test_notifications_iteration26.TestJobsAPI" name="test_get_client_job_applications" time="1.313" /><testcase classname="backend.tests.test_notifications_iteration26.TestActivityFeed" name="test_client_activity_feed" time="1.132" /><testcase classname="backend.tests.test_notifications_iteration26.TestActivityFeed" name="test_enterprise_activity_feed" time="0.906" /><testcase classname="backend.tests.test_notifications_iteration26.TestPaymentsAPI" name="test_subscription_checkout_creates_stripe_url" time="0.972" /><testcase classname="backend.tests.test_notifications_iteration26.TestPaymentsAPI" name="test_payment_status_invalid_session" time="0.385" /><testcase classname="backend.tests.test_notifications_iteration26.TestNotificationTypes" name="test_notification_structure" time="0.583" /></testsuite></testsuites>