<?xml version="1.0" encoding="utf-8"?><testsuites name="pytest tests"><testsuite name="pytest" errors="0" failures="2" skipped="0" tests="19" time="13.779" timestamp="2026-01-22T18:55:10.330469+00:00" hostname="agent-env-b0ecaad1-9f05-4ce7-9dc7-e2f017c4b519"><testcase classname="tests.test_audit_features.TestAuth" name="test_enterprise_login" time="0.240" /><testcase classname="tests.test_audit_features.TestAuth" name="test_client_login" time="0.208" /><testcase classname="tests.test_audit_features.TestEnterpriseServicesProducts" name="test_create_service_with_image" time="1.235" /><testcase classname="tests.test_audit_features.TestEnterpriseServicesProducts" name="test_create_product_with_delivery" time="1.061" /><testcase classname="tests.test_audit_features.TestEnterpriseServicesProducts" name="test_delete_service_product" time="1.197" /><testcase classname="tests.test_audit_features.TestEnterpriseLogoUpload" name="test_update_enterprise_logo" time="1.347" /><testcase classname="tests.test_audit_features.TestEnterpriseOffers" name="test_create_promotional_offer" time="1.348" /><testcase classname="tests.test_audit_features.TestEnterpriseJobs" name="test_create_job_posting" time="1.093" /><testcase classname="tests.test_audit_features.TestEnterpriseAgenda" name="test_create_agenda_event" time="0.352"><failure message="AssertionError: Create event failed: {&quot;detail&quot;:[{&quot;type&quot;:&quot;missing&quot;,&quot;loc&quot;:[&quot;body&quot;,&quot;start_datetime&quot;],&quot;msg&quot;:&quot;Field required&quot;,&quot;input&quot;:{&quot;title&quot;:&quot;TEST_Journée Portes Ouvertes&quot;,&quot;description&quot;:&quot;Venez découvrir nos nouveaux soins&quot;,&quot;event_type&quot;:&quot;event&quot;,&quot;start_time&quot;:&quot;2025-02-15T10:00:00&quot;,&quot;end_time&quot;:&quot;2025-02-15T18:00:00&quot;,&quot;location&quot;:&quot;Spa Luxury Lausanne&quot;},&quot;url&quot;:&quot;https://errors.pydantic.dev/2.12/v/missing&quot;},{&quot;type&quot;:&quot;missing&quot;,&quot;loc&quot;:[&quot;body&quot;,&quot;end_datetime&quot;],&quot;msg&quot;:&quot;Field required&quot;,&quot;input&quot;:{&quot;title&quot;:&quot;TEST_Journée Portes Ouvertes&quot;,&quot;description&quot;:&quot;Venez découvrir nos nouveaux soins&quot;,&quot;event_type&quot;:&quot;event&quot;,&quot;start_time&quot;:&quot;2025-02-15T10:00:00&quot;,&quot;end_time&quot;:&quot;2025-02-15T18:00:00&quot;,&quot;location&quot;:&quot;Spa Luxury Lausanne&quot;},&quot;url&quot;:&quot;https://errors.pydantic.dev/2.12/v/missing&quot;}]}&#10;assert 422 == 200&#10; +  where 422 = &lt;Response [422]&gt;.status_code">tests/test_audit_features.py:320: in test_create_agenda_event
    assert response.status_code == 200, f"Create event failed: {response.text}"
E   AssertionError: Create event failed: {"detail":[{"type":"missing","loc":["body","start_datetime"],"msg":"Field required","input":{"title":"TEST_Journée Portes Ouvertes","description":"Venez découvrir nos nouveaux soins","event_type":"event","start_time":"2025-02-15T10:00:00","end_time":"2025-02-15T18:00:00","location":"Spa Luxury Lausanne"},"url":"https://errors.pydantic.dev/2.12/v/missing"},{"type":"missing","loc":["body","end_datetime"],"msg":"Field required","input":{"title":"TEST_Journée Portes Ouvertes","description":"Venez découvrir nos nouveaux soins","event_type":"event","start_time":"2025-02-15T10:00:00","end_time":"2025-02-15T18:00:00","location":"Spa Luxury Lausanne"},"url":"https://errors.pydantic.dev/2.12/v/missing"}]}
E   assert 422 == 200
E    +  where 422 = &lt;Response [422]&gt;.status_code</failure></testcase><testcase classname="tests.test_audit_features.TestEnterpriseTeam" name="test_add_team_member" time="0.350"><failure message="AssertionError: Add team member failed: {&quot;detail&quot;:[{&quot;type&quot;:&quot;missing&quot;,&quot;loc&quot;:[&quot;body&quot;,&quot;first_name&quot;],&quot;msg&quot;:&quot;Field required&quot;,&quot;input&quot;:{&quot;name&quot;:&quot;TEST_Marie Dupont&quot;,&quot;role&quot;:&quot;Esthéticienne Senior&quot;,&quot;email&quot;:&quot;marie.test@spa.com&quot;,&quot;phone&quot;:&quot;+41 79 123 45 67&quot;},&quot;url&quot;:&quot;https://errors.pydantic.dev/2.12/v/missing&quot;},{&quot;type&quot;:&quot;missing&quot;,&quot;loc&quot;:[&quot;body&quot;,&quot;last_name&quot;],&quot;msg&quot;:&quot;Field required&quot;,&quot;input&quot;:{&quot;name&quot;:&quot;TEST_Marie Dupont&quot;,&quot;role&quot;:&quot;Esthéticienne Senior&quot;,&quot;email&quot;:&quot;marie.test@spa.com&quot;,&quot;phone&quot;:&quot;+41 79 123 45 67&quot;},&quot;url&quot;:&quot;https://errors.pydantic.dev/2.12/v/missing&quot;}]}&#10;assert 422 == 200&#10; +  where 422 = &lt;Response [422]&gt;.status_code">tests/test_audit_features.py:356: in test_add_team_member
    assert response.status_code == 200, f"Add team member failed: {response.text}"
E   AssertionError: Add team member failed: {"detail":[{"type":"missing","loc":["body","first_name"],"msg":"Field required","input":{"name":"TEST_Marie Dupont","role":"Esthéticienne Senior","email":"marie.test@spa.com","phone":"+41 79 123 45 67"},"url":"https://errors.pydantic.dev/2.12/v/missing"},{"type":"missing","loc":["body","last_name"],"msg":"Field required","input":{"name":"TEST_Marie Dupont","role":"Esthéticienne Senior","email":"marie.test@spa.com","phone":"+41 79 123 45 67"},"url":"https://errors.pydantic.dev/2.12/v/missing"}]}
E   assert 422 == 200
E    +  where 422 = &lt;Response [422]&gt;.status_code</failure></testcase><testcase classname="tests.test_audit_features.TestClientDashboard" name="test_get_cashback_balance" time="0.349" /><testcase classname="tests.test_audit_features.TestClientDashboard" name="test_get_client_orders" time="0.455" /><testcase classname="tests.test_audit_features.TestClientDashboard" name="test_get_user_profile" time="0.341" /><testcase classname="tests.test_audit_features.TestServiceProductDetail" name="test_get_service_product_detail" time="0.441" /><testcase classname="tests.test_audit_features.TestServiceProductDetail" name="test_get_enterprise_for_item" time="0.655" /><testcase classname="tests.test_audit_features.TestOrderCreation" name="test_create_order" time="1.210" /><testcase classname="tests.test_audit_features.TestNotifications" name="test_get_notifications" time="0.586" /><testcase classname="tests.test_audit_features.TestNotifications" name="test_mark_all_read" time="0.854" /><testcase classname="tests.test_audit_features.TestImageUpload" name="test_upload_base64_image" time="0.350" /></testsuite></testsuites>