<?xml version="1.0" encoding="utf-8"?><testsuites name="pytest tests"><testsuite name="pytest" errors="0" failures="2" skipped="0" tests="21" time="16.707" timestamp="2026-01-24T01:03:27.090568+00:00" hostname="agent-env-cc0b65cc-bc9a-4f16-af43-a4b402a8ee62"><testcase classname="backend.tests.test_iteration27_features.TestAuthentication" name="test_client_login" time="1.261" /><testcase classname="backend.tests.test_iteration27_features.TestAuthentication" name="test_enterprise_login" time="0.210" /><testcase classname="backend.tests.test_iteration27_features.TestJobApplicationsWithCV" name="test_get_jobs_list" time="1.257" /><testcase classname="backend.tests.test_iteration27_features.TestJobApplicationsWithCV" name="test_get_job_applications_with_resume" time="1.945" /><testcase classname="backend.tests.test_iteration27_features.TestJobApplicationsWithCV" name="test_cv_file_accessible" time="2.006" /><testcase classname="backend.tests.test_iteration27_features.TestMessagesSystem" name="test_get_conversations_client" time="0.693" /><testcase classname="backend.tests.test_iteration27_features.TestMessagesSystem" name="test_get_conversations_enterprise" time="0.573" /><testcase classname="backend.tests.test_iteration27_features.TestMessagesSystem" name="test_send_message_client_to_enterprise" time="0.894" /><testcase classname="backend.tests.test_iteration27_features.TestMessagesSystem" name="test_get_messages_with_partner" time="0.922" /><testcase classname="backend.tests.test_iteration27_features.TestInfluencersSection" name="test_get_influencers_list" time="0.157" /><testcase classname="backend.tests.test_iteration27_features.TestInfluencersSection" name="test_get_influencers_by_category" time="0.150" /><testcase classname="backend.tests.test_iteration27_features.TestInfluencersSection" name="test_get_enterprise_collaborations" time="0.909" /><testcase classname="backend.tests.test_iteration27_features.TestInfluencersSection" name="test_create_influencer_collaboration" time="0.854" /><testcase classname="backend.tests.test_iteration27_features.TestIACampaignsWithRealBDD" name="test_get_ia_campaigns" time="0.728" /><testcase classname="backend.tests.test_iteration27_features.TestIACampaignsWithRealBDD" name="test_create_ia_campaign_with_real_targeting" time="0.801" /><testcase classname="backend.tests.test_iteration27_features.TestIACampaignsWithRealBDD" name="test_ia_campaign_budget_multipliers" time="2.187" /><testcase classname="backend.tests.test_iteration27_features.TestWebSocketEndpoints" name="test_ws_status_endpoint" time="0.038"><failure message="assert 404 == 200&#10; +  where 404 = &lt;Response [404]&gt;.status_code">backend/tests/test_iteration27_features.py:393: in test_ws_status_endpoint
    assert response.status_code == 200
E   assert 404 == 200
E    +  where 404 = &lt;Response [404]&gt;.status_code</failure></testcase><testcase classname="backend.tests.test_iteration27_features.TestWebSocketEndpoints" name="test_ws_online_friends_endpoint" time="0.235"><failure message="assert 404 == 200&#10; +  where 404 = &lt;Response [404]&gt;.status_code">backend/tests/test_iteration27_features.py:405: in test_ws_online_friends_endpoint
    assert response.status_code == 200
E   assert 404 == 200
E    +  where 404 = &lt;Response [404]&gt;.status_code</failure></testcase><testcase classname="backend.tests.test_iteration27_features.TestEnterpriseCustomers" name="test_get_enterprise_customers" time="0.687" /><testcase classname="backend.tests.test_iteration27_features.TestHealthAndRoot" name="test_health_check" time="0.052" /><testcase classname="backend.tests.test_iteration27_features.TestHealthAndRoot" name="test_root_endpoint" time="0.035" /></testsuite></testsuites>