<?xml version="1.0" encoding="utf-8"?><testsuites name="pytest tests"><testsuite name="pytest" errors="0" failures="1" skipped="0" tests="28" time="16.113" timestamp="2026-01-24T23:59:22.954812+00:00" hostname="agent-env-b15102dc-4213-4440-b10c-e37f4b3e1e00"><testcase classname="backend.tests.test_iteration31_subscriptions.TestSubscriptionPlans" name="test_get_subscription_plans" time="1.254" /><testcase classname="backend.tests.test_iteration31_subscriptions.TestStripeCheckout" name="test_checkout_generates_stripe_url[standard]" time="0.946" /><testcase classname="backend.tests.test_iteration31_subscriptions.TestStripeCheckout" name="test_checkout_generates_stripe_url[guest]" time="0.434" /><testcase classname="backend.tests.test_iteration31_subscriptions.TestStripeCheckout" name="test_checkout_generates_stripe_url[premium]" time="0.449" /><testcase classname="backend.tests.test_iteration31_subscriptions.TestStripeCheckout" name="test_checkout_generates_stripe_url[premium_mvp]" time="0.429" /><testcase classname="backend.tests.test_iteration31_subscriptions.TestStripeCheckout" name="test_checkout_generates_stripe_url[opti_starter_2k]" time="0.453" /><testcase classname="backend.tests.test_iteration31_subscriptions.TestStripeCheckout" name="test_checkout_generates_stripe_url[opti_starter_3k]" time="0.453" /><testcase classname="backend.tests.test_iteration31_subscriptions.TestStripeCheckout" name="test_checkout_generates_stripe_url[opti_5k]" time="0.430" /><testcase classname="backend.tests.test_iteration31_subscriptions.TestStripeCheckout" name="test_checkout_generates_stripe_url[opti_10k]" time="0.453" /><testcase classname="backend.tests.test_iteration31_subscriptions.TestStripeCheckout" name="test_checkout_generates_stripe_url[opti_20k]" time="0.606" /><testcase classname="backend.tests.test_iteration31_subscriptions.TestStripeCheckout" name="test_checkout_generates_stripe_url[opti_50k]" time="0.539" /><testcase classname="backend.tests.test_iteration31_subscriptions.TestStripeCheckout" name="test_checkout_invalid_plan" time="0.147" /><testcase classname="backend.tests.test_iteration31_subscriptions.TestAddonCheckout" name="test_addon_checkout_generates_stripe_url[pub_extra]" time="0.661" /><testcase classname="backend.tests.test_iteration31_subscriptions.TestAddonCheckout" name="test_addon_checkout_generates_stripe_url[expert_label]" time="0.464" /><testcase classname="backend.tests.test_iteration31_subscriptions.TestAddonCheckout" name="test_addon_checkout_generates_stripe_url[investors_access]" time="0.451" /><testcase classname="backend.tests.test_iteration31_subscriptions.TestAddonCheckout" name="test_addon_checkout_generates_stripe_url[delivery_24]" time="0.436" /><testcase classname="backend.tests.test_iteration31_subscriptions.TestAddonCheckout" name="test_addon_checkout_generates_stripe_url[local_access]" time="0.432" /><testcase classname="backend.tests.test_iteration31_subscriptions.TestAddonCheckout" name="test_addon_checkout_generates_stripe_url[suppliers_access]" time="0.500" /><testcase classname="backend.tests.test_iteration31_subscriptions.TestAddonCheckout" name="test_addon_checkout_generates_stripe_url[premium_trainings]" time="0.523" /><testcase classname="backend.tests.test_iteration31_subscriptions.TestAddonCheckout" name="test_addon_checkout_invalid_addon" time="0.183" /><testcase classname="backend.tests.test_iteration31_subscriptions.TestEnterpriseSubscriptionStatus" name="test_subscription_status_endpoint" time="0.807" /><testcase classname="backend.tests.test_iteration31_subscriptions.TestEnterpriseSubscriptionStatus" name="test_subscription_status_tier_ads_mapping" time="0.594" /><testcase classname="backend.tests.test_iteration31_subscriptions.TestActivityFeedAlgorithm" name="test_activity_feed_endpoint" time="0.907" /><testcase classname="backend.tests.test_iteration31_subscriptions.TestActivityFeedAlgorithm" name="test_activity_feed_premium_features" time="1.291" /><testcase classname="backend.tests.test_iteration31_subscriptions.TestSubscriptionActivation" name="test_activate_subscription_requires_valid_session" time="0.349" /><testcase classname="backend.tests.test_iteration31_subscriptions.TestFrontendAPIIntegration" name="test_frontend_checkout_flow" time="1.565" /><testcase classname="backend.tests.test_iteration31_subscriptions.TestHealthAndAuth" name="test_health_endpoint" time="0.049" /><testcase classname="backend.tests.test_iteration31_subscriptions.TestHealthAndAuth" name="test_enterprise_login" time="0.201"><failure message="AssertionError: User should be enterprise/prestataire, got entreprise&#10;assert 'entreprise' in ['enterprise', 'prestataire']">backend/tests/test_iteration31_subscriptions.py:451: in test_enterprise_login
    assert user_type in ["enterprise", "prestataire"], f"User should be enterprise/prestataire, got {user_type}"
E   AssertionError: User should be enterprise/prestataire, got entreprise
E   assert 'entreprise' in ['enterprise', 'prestataire']</failure></testcase></testsuite></testsuites>