<?xml version="1.0" encoding="utf-8"?><testsuites name="pytest tests"><testsuite name="pytest" errors="0" failures="1" skipped="0" tests="18" time="3.576" timestamp="2026-01-22T21:36:58.846402+00:00" hostname="agent-env-6c9a584f-9ef5-439e-a290-f895959474ea"><testcase classname="backend.tests.test_new_features.TestSubscriptionsAPI" name="test_get_subscription_plans" time="0.059" /><testcase classname="backend.tests.test_new_features.TestSubscriptionsAPI" name="test_get_addons" time="0.034" /><testcase classname="backend.tests.test_new_features.TestSubscriptionsAPI" name="test_base_features" time="0.035" /><testcase classname="backend.tests.test_new_features.TestAuthenticationAPI" name="test_enterprise_login" time="0.200" /><testcase classname="backend.tests.test_new_features.TestAuthenticationAPI" name="test_client_login" time="0.208" /><testcase classname="backend.tests.test_new_features.TestAuthenticationAPI" name="test_invalid_login" time="0.184" /><testcase classname="backend.tests.test_new_features.TestEnterpriseAPI" name="test_get_enterprises" time="0.260" /><testcase classname="backend.tests.test_new_features.TestEnterpriseAPI" name="test_get_current_subscription" time="0.454" /><testcase classname="backend.tests.test_new_features.TestAdvertisingAPI" name="test_list_advertising" time="0.566" /><testcase classname="backend.tests.test_new_features.TestAdvertisingAPI" name="test_create_advertising" time="0.340"><failure message="assert 422 == 200&#10; +  where 422 = &lt;Response [422]&gt;.status_code">backend/tests/test_new_features.py:211: in test_create_advertising
    assert response.status_code == 200
E   assert 422 == 200
E    +  where 422 = &lt;Response [422]&gt;.status_code</failure></testcase><testcase classname="backend.tests.test_new_features.TestCategoriesAPI" name="test_get_service_categories" time="0.039" /><testcase classname="backend.tests.test_new_features.TestCategoriesAPI" name="test_get_product_categories" time="0.036" /><testcase classname="backend.tests.test_new_features.TestFeaturedAPI" name="test_get_tendances" time="0.146" /><testcase classname="backend.tests.test_new_features.TestFeaturedAPI" name="test_get_guests" time="0.141" /><testcase classname="backend.tests.test_new_features.TestFeaturedAPI" name="test_get_offres" time="0.147" /><testcase classname="backend.tests.test_new_features.TestFeaturedAPI" name="test_get_premium" time="0.146" /><testcase classname="backend.tests.test_new_features.TestServicesProductsAPI" name="test_list_services_products" time="0.256" /><testcase classname="backend.tests.test_new_features.TestServicesProductsAPI" name="test_filter_by_type" time="0.257" /></testsuite></testsuites>