<?xml version="1.0" encoding="utf-8"?><testsuites name="pytest tests"><testsuite name="pytest" errors="0" failures="1" skipped="1" tests="15" time="7.997" timestamp="2026-01-25T00:29:19.650501+00:00" hostname="agent-env-b15102dc-4213-4440-b10c-e37f4b3e1e00"><testcase classname="backend.tests.test_iteration32_cashback_withdrawal.TestCashbackWithdrawalSystem" name="test_withdrawal_info_returns_correct_fields" time="0.460" /><testcase classname="backend.tests.test_iteration32_cashback_withdrawal.TestCashbackWithdrawalSystem" name="test_withdrawal_info_shows_bank_info_when_saved" time="0.468" /><testcase classname="backend.tests.test_iteration32_cashback_withdrawal.TestCashbackWithdrawalSystem" name="test_withdrawal_info_requires_auth" time="0.039" /><testcase classname="backend.tests.test_iteration32_cashback_withdrawal.TestCashbackWithdrawalSystem" name="test_save_bank_info_via_profile_update" time="0.552" /><testcase classname="backend.tests.test_iteration32_cashback_withdrawal.TestCashbackWithdrawalSystem" name="test_verify_bank_info_persisted" time="0.781" /><testcase classname="backend.tests.test_iteration32_cashback_withdrawal.TestCashbackWithdrawalSystem" name="test_withdraw_fails_without_bank_info" time="0.655"><failure message="AssertionError: Error should mention bank info: Le montant minimum de retrait est de 50.0 CHF. Votre solde: 0.82 CHF&#10;assert ('bancaires' in 'le montant minimum de retrait est de 50.0 chf. votre solde: 0.82 chf' or 'iban' in 'le montant minimum de retrait est de 50.0 chf. votre solde: 0.82 chf')&#10; +  where 'le montant minimum de retrait est de 50.0 chf. votre solde: 0.82 chf' = &lt;built-in method lower of str object at 0xfb4448a55c30&gt;()&#10; +    where &lt;built-in method lower of str object at 0xfb4448a55c30&gt; = 'Le montant minimum de retrait est de 50.0 CHF. Votre solde: 0.82 CHF'.lower&#10; +  and   'le montant minimum de retrait est de 50.0 chf. votre solde: 0.82 chf' = &lt;built-in method lower of str object at 0xfb4448a55c30&gt;()&#10; +    where &lt;built-in method lower of str object at 0xfb4448a55c30&gt; = 'Le montant minimum de retrait est de 50.0 CHF. Votre solde: 0.82 CHF'.lower">backend/tests/test_iteration32_cashback_withdrawal.py:169: in test_withdraw_fails_without_bank_info
    assert "bancaires" in data["detail"].lower() or "iban" in data["detail"].lower(), \
E   AssertionError: Error should mention bank info: Le montant minimum de retrait est de 50.0 CHF. Votre solde: 0.82 CHF
E   assert ('bancaires' in 'le montant minimum de retrait est de 50.0 chf. votre solde: 0.82 chf' or 'iban' in 'le montant minimum de retrait est de 50.0 chf. votre solde: 0.82 chf')
E    +  where 'le montant minimum de retrait est de 50.0 chf. votre solde: 0.82 chf' = &lt;built-in method lower of str object at 0xfb4448a55c30&gt;()
E    +    where &lt;built-in method lower of str object at 0xfb4448a55c30&gt; = 'Le montant minimum de retrait est de 50.0 CHF. Votre solde: 0.82 CHF'.lower
E    +  and   'le montant minimum de retrait est de 50.0 chf. votre solde: 0.82 chf' = &lt;built-in method lower of str object at 0xfb4448a55c30&gt;()
E    +    where &lt;built-in method lower of str object at 0xfb4448a55c30&gt; = 'Le montant minimum de retrait est de 50.0 CHF. Votre solde: 0.82 CHF'.lower</failure></testcase><testcase classname="backend.tests.test_iteration32_cashback_withdrawal.TestCashbackWithdrawalSystem" name="test_withdraw_fails_below_minimum" time="1.048" /><testcase classname="backend.tests.test_iteration32_cashback_withdrawal.TestCashbackWithdrawalSystem" name="test_withdraw_creates_record_and_deducts_balance" time="0.790"><skipped type="pytest.skip" message="Insufficient balance for withdrawal test">/app/backend/tests/test_iteration32_cashback_withdrawal.py:239: Insufficient balance for withdrawal test</skipped></testcase><testcase classname="backend.tests.test_iteration32_cashback_withdrawal.TestCashbackWithdrawalSystem" name="test_withdraw_requires_auth" time="0.034" /><testcase classname="backend.tests.test_iteration32_cashback_withdrawal.TestCashbackWithdrawalSystem" name="test_withdrawal_history_returns_list" time="0.434" /><testcase classname="backend.tests.test_iteration32_cashback_withdrawal.TestCashbackWithdrawalSystem" name="test_withdrawal_history_requires_auth" time="0.055" /><testcase classname="backend.tests.test_iteration32_cashback_withdrawal.TestCashbackWithdrawalSystem" name="test_full_withdrawal_flow" time="0.773" /><testcase classname="backend.tests.test_iteration32_cashback_withdrawal.TestCashbackWithdrawalSystem" name="test_can_withdraw_logic" time="0.773" /><testcase classname="backend.tests.test_iteration32_cashback_withdrawal.TestCashbackBalance" name="test_cashback_balance_endpoint" time="0.473" /><testcase classname="backend.tests.test_iteration32_cashback_withdrawal.TestCashbackBalance" name="test_cashback_history_endpoint" time="0.553" /></testsuite></testsuites>