<?xml version="1.0" encoding="utf-8"?><testsuites name="pytest tests"><testsuite name="pytest" errors="0" failures="1" skipped="0" tests="17" time="8.824" timestamp="2026-01-24T23:47:26.837488+00:00" hostname="agent-env-b15102dc-4213-4440-b10c-e37f4b3e1e00"><testcase classname="backend.tests.test_iteration30_bug_fixes.TestAuthentication" name="test_enterprise_login" time="1.212" /><testcase classname="backend.tests.test_iteration30_bug_fixes.TestAuthentication" name="test_client_login" time="0.205" /><testcase classname="backend.tests.test_iteration30_bug_fixes.TestSubscriptionCheckout" name="test_get_subscription_plans" time="0.037" /><testcase classname="backend.tests.test_iteration30_bug_fixes.TestSubscriptionCheckout" name="test_subscription_checkout_standard_plan" time="1.031" /><testcase classname="backend.tests.test_iteration30_bug_fixes.TestSubscriptionCheckout" name="test_subscription_checkout_guest_plan" time="1.192" /><testcase classname="backend.tests.test_iteration30_bug_fixes.TestSubscriptionCheckout" name="test_subscription_checkout_premium_plan" time="0.693" /><testcase classname="backend.tests.test_iteration30_bug_fixes.TestSubscriptionCheckout" name="test_subscription_checkout_invalid_plan" time="0.349" /><testcase classname="backend.tests.test_iteration30_bug_fixes.TestSubscriptionCheckout" name="test_subscription_checkout_requires_auth" time="0.034" /><testcase classname="backend.tests.test_iteration30_bug_fixes.TestClientDashboard" name="test_client_orders_endpoint" time="0.450" /><testcase classname="backend.tests.test_iteration30_bug_fixes.TestClientDashboard" name="test_client_notifications_endpoint" time="0.581" /><testcase classname="backend.tests.test_iteration30_bug_fixes.TestClientDashboard" name="test_client_cashback_balance" time="0.453" /><testcase classname="backend.tests.test_iteration30_bug_fixes.TestClientDashboard" name="test_client_profile_endpoint" time="0.786" /><testcase classname="backend.tests.test_iteration30_bug_fixes.TestServicesAndProducts" name="test_list_services" time="0.255" /><testcase classname="backend.tests.test_iteration30_bug_fixes.TestServicesAndProducts" name="test_list_products" time="0.256" /><testcase classname="backend.tests.test_iteration30_bug_fixes.TestServicesAndProducts" name="test_get_service_detail" time="0.396" /><testcase classname="backend.tests.test_iteration30_bug_fixes.TestNotificationCounters" name="test_notifications_list" time="0.566" /><testcase classname="backend.tests.test_iteration30_bug_fixes.TestNotificationCounters" name="test_friends_requests" time="0.232"><failure message="AssertionError: Failed to get friend requests: {&quot;detail&quot;:&quot;Not Found&quot;}&#10;assert 404 == 200&#10; +  where 404 = &lt;Response [404]&gt;.status_code">backend/tests/test_iteration30_bug_fixes.py:267: in test_friends_requests
    assert response.status_code == 200, f"Failed to get friend requests: {response.text}"
E   AssertionError: Failed to get friend requests: {"detail":"Not Found"}
E   assert 404 == 200
E    +  where 404 = &lt;Response [404]&gt;.status_code</failure></testcase></testsuite></testsuites>