<?xml version="1.0" encoding="utf-8"?><testsuites name="pytest tests"><testsuite name="pytest" errors="0" failures="2" skipped="0" tests="28" time="15.856" timestamp="2026-01-24T23:58:47.910055+00:00" hostname="agent-env-b15102dc-4213-4440-b10c-e37f4b3e1e00"><testcase classname="backend.tests.test_iteration31_subscriptions.TestSubscriptionPlans" name="test_get_subscription_plans" time="1.272" /><testcase classname="backend.tests.test_iteration31_subscriptions.TestStripeCheckout" name="test_checkout_generates_stripe_url[standard]" time="0.892" /><testcase classname="backend.tests.test_iteration31_subscriptions.TestStripeCheckout" name="test_checkout_generates_stripe_url[guest]" time="0.473" /><testcase classname="backend.tests.test_iteration31_subscriptions.TestStripeCheckout" name="test_checkout_generates_stripe_url[premium]" time="0.452" /><testcase classname="backend.tests.test_iteration31_subscriptions.TestStripeCheckout" name="test_checkout_generates_stripe_url[premium_mvp]" time="0.470" /><testcase classname="backend.tests.test_iteration31_subscriptions.TestStripeCheckout" name="test_checkout_generates_stripe_url[opti_starter_2k]" time="0.452" /><testcase classname="backend.tests.test_iteration31_subscriptions.TestStripeCheckout" name="test_checkout_generates_stripe_url[opti_starter_3k]" time="0.476" /><testcase classname="backend.tests.test_iteration31_subscriptions.TestStripeCheckout" name="test_checkout_generates_stripe_url[opti_5k]" time="0.427" /><testcase classname="backend.tests.test_iteration31_subscriptions.TestStripeCheckout" name="test_checkout_generates_stripe_url[opti_10k]" time="0.442" /><testcase classname="backend.tests.test_iteration31_subscriptions.TestStripeCheckout" name="test_checkout_generates_stripe_url[opti_20k]" time="0.482" /><testcase classname="backend.tests.test_iteration31_subscriptions.TestStripeCheckout" name="test_checkout_generates_stripe_url[opti_50k]" time="0.440" /><testcase classname="backend.tests.test_iteration31_subscriptions.TestStripeCheckout" name="test_checkout_invalid_plan" time="0.143" /><testcase classname="backend.tests.test_iteration31_subscriptions.TestAddonCheckout" name="test_addon_checkout_generates_stripe_url[pub_extra]" time="0.643" /><testcase classname="backend.tests.test_iteration31_subscriptions.TestAddonCheckout" name="test_addon_checkout_generates_stripe_url[expert_label]" time="0.448" /><testcase classname="backend.tests.test_iteration31_subscriptions.TestAddonCheckout" name="test_addon_checkout_generates_stripe_url[investors_access]" time="0.435" /><testcase classname="backend.tests.test_iteration31_subscriptions.TestAddonCheckout" name="test_addon_checkout_generates_stripe_url[delivery_24]" time="0.450" /><testcase classname="backend.tests.test_iteration31_subscriptions.TestAddonCheckout" name="test_addon_checkout_generates_stripe_url[local_access]" time="0.445" /><testcase classname="backend.tests.test_iteration31_subscriptions.TestAddonCheckout" name="test_addon_checkout_generates_stripe_url[suppliers_access]" time="0.435" /><testcase classname="backend.tests.test_iteration31_subscriptions.TestAddonCheckout" name="test_addon_checkout_generates_stripe_url[premium_trainings]" time="0.528" /><testcase classname="backend.tests.test_iteration31_subscriptions.TestAddonCheckout" name="test_addon_checkout_invalid_addon" time="0.144" /><testcase classname="backend.tests.test_iteration31_subscriptions.TestEnterpriseSubscriptionStatus" name="test_subscription_status_endpoint" time="0.789" /><testcase classname="backend.tests.test_iteration31_subscriptions.TestEnterpriseSubscriptionStatus" name="test_subscription_status_tier_ads_mapping" time="0.607" /><testcase classname="backend.tests.test_iteration31_subscriptions.TestActivityFeedAlgorithm" name="test_activity_feed_endpoint" time="0.899" /><testcase classname="backend.tests.test_iteration31_subscriptions.TestActivityFeedAlgorithm" name="test_activity_feed_premium_features" time="1.294" /><testcase classname="backend.tests.test_iteration31_subscriptions.TestSubscriptionActivation" name="test_activate_subscription_requires_valid_session" time="0.353"><failure message="AssertionError: Invalid session should fail, got 520&#10;assert 520 in [400, 500]&#10; +  where 520 = &lt;Response [520]&gt;.status_code">backend/tests/test_iteration31_subscriptions.py:380: in test_activate_subscription_requires_valid_session
    assert response.status_code in [400, 500], f"Invalid session should fail, got {response.status_code}"
E   AssertionError: Invalid session should fail, got 520
E   assert 520 in [400, 500]
E    +  where 520 = &lt;Response [520]&gt;.status_code</failure></testcase><testcase classname="backend.tests.test_iteration31_subscriptions.TestFrontendAPIIntegration" name="test_frontend_checkout_flow" time="1.614" /><testcase classname="backend.tests.test_iteration31_subscriptions.TestHealthAndAuth" name="test_health_endpoint" time="0.036" /><testcase classname="backend.tests.test_iteration31_subscriptions.TestHealthAndAuth" name="test_enterprise_login" time="0.204"><failure message="AssertionError: User should be enterprise, got None&#10;assert None == 'enterprise'&#10; +  where None = &lt;built-in method get of dict object at 0xfc97645536c0&gt;('role')&#10; +    where &lt;built-in method get of dict object at 0xfc97645536c0&gt; = {'cashback_balance': 0, 'city': 'Lausanne', 'created_at': '2026-01-21T22:57:48.436Z', 'email': 'spa.luxury@titelli.com', ...}.get">backend/tests/test_iteration31_subscriptions.py:449: in test_enterprise_login
    assert user.get("role") == "enterprise", f"User should be enterprise, got {user.get('role')}"
E   AssertionError: User should be enterprise, got None
E   assert None == 'enterprise'
E    +  where None = &lt;built-in method get of dict object at 0xfc97645536c0&gt;('role')
E    +    where &lt;built-in method get of dict object at 0xfc97645536c0&gt; = {'cashback_balance': 0, 'city': 'Lausanne', 'created_at': '2026-01-21T22:57:48.436Z', 'email': 'spa.luxury@titelli.com', ...}.get</failure></testcase></testsuite></testsuites>