<?xml version="1.0" encoding="utf-8"?><testsuites name="pytest tests"><testsuite name="pytest" errors="0" failures="1" skipped="0" tests="28" time="33.674" timestamp="2026-01-25T01:01:11.593708+00:00" hostname="agent-env-b15102dc-4213-4440-b10c-e37f4b3e1e00"><testcase classname="backend.tests.test_iteration33_accounting.TestAdminAccountingSystem" name="test_accounting_summary_returns_200" time="2.363" /><testcase classname="backend.tests.test_iteration33_accounting.TestAdminAccountingSystem" name="test_accounting_summary_has_revenue_data" time="1.323" /><testcase classname="backend.tests.test_iteration33_accounting.TestAdminAccountingSystem" name="test_accounting_summary_has_commissions_data" time="1.340" /><testcase classname="backend.tests.test_iteration33_accounting.TestAdminAccountingSystem" name="test_accounting_summary_has_cashback_data" time="1.336" /><testcase classname="backend.tests.test_iteration33_accounting.TestAdminAccountingSystem" name="test_accounting_summary_has_orders_data" time="1.349" /><testcase classname="backend.tests.test_iteration33_accounting.TestAdminAccountingSystem" name="test_accounting_summary_has_subscriptions_data" time="1.311" /><testcase classname="backend.tests.test_iteration33_accounting.TestAdminAccountingSystem" name="test_accounting_summary_has_withdrawals_data" time="1.330" /><testcase classname="backend.tests.test_iteration33_accounting.TestAdminAccountingSystem" name="test_accounting_summary_with_date_filter" time="1.348" /><testcase classname="backend.tests.test_iteration33_accounting.TestAdminAccountingSystem" name="test_transactions_returns_200" time="0.930" /><testcase classname="backend.tests.test_iteration33_accounting.TestAdminAccountingSystem" name="test_transactions_returns_list" time="0.862" /><testcase classname="backend.tests.test_iteration33_accounting.TestAdminAccountingSystem" name="test_transactions_structure" time="0.881" /><testcase classname="backend.tests.test_iteration33_accounting.TestAdminAccountingSystem" name="test_transactions_filter_by_order" time="0.428" /><testcase classname="backend.tests.test_iteration33_accounting.TestAdminAccountingSystem" name="test_transactions_filter_by_subscription" time="0.430" /><testcase classname="backend.tests.test_iteration33_accounting.TestAdminAccountingSystem" name="test_transactions_filter_by_cashback" time="0.426" /><testcase classname="backend.tests.test_iteration33_accounting.TestAdminAccountingSystem" name="test_transactions_filter_by_withdrawal" time="0.454" /><testcase classname="backend.tests.test_iteration33_accounting.TestAdminAccountingSystem" name="test_transactions_pagination" time="0.861" /><testcase classname="backend.tests.test_iteration33_accounting.TestAdminAccountingSystem" name="test_export_excel_returns_file" time="2.148" /><testcase classname="backend.tests.test_iteration33_accounting.TestAdminAccountingSystem" name="test_export_pdf_returns_file" time="1.364" /><testcase classname="backend.tests.test_iteration33_accounting.TestAdminAccountingSystem" name="test_export_excel_with_date_filter" time="1.972" /><testcase classname="backend.tests.test_iteration33_accounting.TestAdminAccountingSystem" name="test_export_pdf_with_date_filter" time="1.325" /><testcase classname="backend.tests.test_iteration33_accounting.TestAdminAccountingSystem" name="test_admin_withdrawals_list" time="1.098" /><testcase classname="backend.tests.test_iteration33_accounting.TestAdminAccountingSystem" name="test_admin_withdrawals_filter_by_status" time="2.923" /><testcase classname="backend.tests.test_iteration33_accounting.TestAdminAccountingSystem" name="test_stripe_webhook_endpoint_exists" time="0.254"><failure message="AssertionError: Unexpected status: 200&#10;assert 200 in [400, 422, 500]&#10; +  where 200 = &lt;Response [200]&gt;.status_code">backend/tests/test_iteration33_accounting.py:355: in test_stripe_webhook_endpoint_exists
    assert response.status_code in [400, 422, 500], f"Unexpected status: {response.status_code}"
E   AssertionError: Unexpected status: 200
E   assert 200 in [400, 422, 500]
E    +  where 200 = &lt;Response [200]&gt;.status_code</failure></testcase><testcase classname="backend.tests.test_iteration33_accounting.TestAdminAccountingSystem" name="test_accounting_requires_admin" time="0.527" /><testcase classname="backend.tests.test_iteration33_accounting.TestAdminAccountingSystem" name="test_export_requires_admin" time="0.679" /><testcase classname="backend.tests.test_iteration33_accounting.TestAccountingDataIntegrity" name="test_revenue_calculation_consistency" time="1.365" /><testcase classname="backend.tests.test_iteration33_accounting.TestAccountingDataIntegrity" name="test_cashback_liability_calculation" time="1.365" /><testcase classname="backend.tests.test_iteration33_accounting.TestAccountingDataIntegrity" name="test_transactions_count_matches_summary" time="1.562" /></testsuite></testsuites>