<?xml version="1.0" encoding="utf-8"?><testsuites name="pytest tests"><testsuite name="pytest" errors="0" failures="1" skipped="0" tests="22" time="15.609" timestamp="2026-01-25T01:25:40.566391+00:00" hostname="agent-env-b15102dc-4213-4440-b10c-e37f4b3e1e00"><testcase classname="backend.tests.test_iteration34_real_system.TestHealthAndBasics" name="test_api_health" time="0.059" /><testcase classname="backend.tests.test_iteration34_real_system.TestAuthentication" name="test_admin_login" time="1.187" /><testcase classname="backend.tests.test_iteration34_real_system.TestAuthentication" name="test_client_login" time="0.200" /><testcase classname="backend.tests.test_iteration34_real_system.TestCashbackSystem" name="test_premium_plans_endpoint" time="0.564" /><testcase classname="backend.tests.test_iteration34_real_system.TestCashbackSystem" name="test_cashback_balance_endpoint" time="0.461" /><testcase classname="backend.tests.test_iteration34_real_system.TestCashbackSystem" name="test_cashback_history_endpoint" time="0.571" /><testcase classname="backend.tests.test_iteration34_real_system.TestMessagingSystem" name="test_get_conversations" time="0.665" /><testcase classname="backend.tests.test_iteration34_real_system.TestMessagingSystem" name="test_send_message" time="0.731"><failure message="assert 422 in [200, 201]&#10; +  where 422 = &lt;Response [422]&gt;.status_code">backend/tests/test_iteration34_real_system.py:188: in test_send_message
    assert response.status_code in [200, 201]
E   assert 422 in [200, 201]
E    +  where 422 = &lt;Response [422]&gt;.status_code</failure></testcase><testcase classname="backend.tests.test_iteration34_real_system.TestFriendRequestSystem" name="test_get_friend_requests" time="0.891" /><testcase classname="backend.tests.test_iteration34_real_system.TestFriendRequestSystem" name="test_get_friends_list" time="1.183" /><testcase classname="backend.tests.test_iteration34_real_system.TestEnterpriseInvitations" name="test_get_enterprise_invitations" time="0.558" /><testcase classname="backend.tests.test_iteration34_real_system.TestEnterpriseInvitations" name="test_create_enterprise_invitation" time="1.039" /><testcase classname="backend.tests.test_iteration34_real_system.TestEnterpriseInvitations" name="test_get_client_invitations" time="0.451" /><testcase classname="backend.tests.test_iteration34_real_system.TestAdminSections" name="test_admin_stats_endpoint" time="0.999" /><testcase classname="backend.tests.test_iteration34_real_system.TestAdminSections" name="test_admin_accounting_summary" time="1.340" /><testcase classname="backend.tests.test_iteration34_real_system.TestAdminSections" name="test_admin_enterprises_list" time="0.467" /><testcase classname="backend.tests.test_iteration34_real_system.TestAdminSections" name="test_admin_orders_list" time="0.557" /><testcase classname="backend.tests.test_iteration34_real_system.TestAccountingRealData" name="test_accounting_transactions" time="0.892" /><testcase classname="backend.tests.test_iteration34_real_system.TestAccountingRealData" name="test_subscriptions_real_data" time="1.333" /><testcase classname="backend.tests.test_iteration34_real_system.TestDataPersistence" name="test_user_data_persistence" time="0.336" /><testcase classname="backend.tests.test_iteration34_real_system.TestDataPersistence" name="test_orders_data_persistence" time="0.455" /><testcase classname="backend.tests.test_iteration34_real_system.TestNotificationsSystem" name="test_get_notifications" time="0.562" /></testsuite></testsuites>