<?xml version="1.0" encoding="utf-8"?><testsuites name="pytest tests"><testsuite name="pytest" errors="0" failures="2" skipped="3" tests="21" time="13.132" timestamp="2026-01-24T00:07:52.521828+00:00" hostname="agent-env-cc0b65cc-bc9a-4f16-af43-a4b402a8ee62"><testcase classname="backend.tests.test_notifications_iteration26.TestAuthAndSetup" name="test_client_login" time="0.251" /><testcase classname="backend.tests.test_notifications_iteration26.TestAuthAndSetup" name="test_enterprise_login" time="0.206" /><testcase classname="backend.tests.test_notifications_iteration26.TestNotificationsCRUD" name="test_get_client_notifications" time="0.617" /><testcase classname="backend.tests.test_notifications_iteration26.TestNotificationsCRUD" name="test_get_enterprise_notifications" time="0.582" /><testcase classname="backend.tests.test_notifications_iteration26.TestNotificationsCRUD" name="test_get_unread_only_notifications" time="0.370" /><testcase classname="backend.tests.test_notifications_iteration26.TestNotificationsCRUD" name="test_mark_notification_read" time="0.652" /><testcase classname="backend.tests.test_notifications_iteration26.TestNotificationsCRUD" name="test_mark_all_notifications_read" time="0.648" /><testcase classname="backend.tests.test_notifications_iteration26.TestNotificationsCRUD" name="test_delete_notification" time="1.004" /><testcase classname="backend.tests.test_notifications_iteration26.TestNotificationsCRUD" name="test_delete_nonexistent_notification" time="0.263" /><testcase classname="backend.tests.test_notifications_iteration26.TestOrderNotifications" name="test_order_creates_client_notification" time="0.567"><skipped type="pytest.skip" message="No enterprise profile found">/app/backend/tests/test_notifications_iteration26.py:227: No enterprise profile found</skipped></testcase><testcase classname="backend.tests.test_notifications_iteration26.TestOrderNotifications" name="test_order_creates_enterprise_notification" time="0.146"><skipped type="pytest.skip" message="No enterprise profile found">/app/backend/tests/test_notifications_iteration26.py:270: No enterprise profile found</skipped></testcase><testcase classname="backend.tests.test_notifications_iteration26.TestReviewNotifications" name="test_review_creates_enterprise_notification" time="0.565"><skipped type="pytest.skip" message="No enterprise profile found">/app/backend/tests/test_notifications_iteration26.py:334: No enterprise profile found</skipped></testcase><testcase classname="backend.tests.test_notifications_iteration26.TestTrainingsAPI" name="test_list_trainings" time="0.347" /><testcase classname="backend.tests.test_notifications_iteration26.TestTrainingsAPI" name="test_get_client_trainings" time="1.143" /><testcase classname="backend.tests.test_notifications_iteration26.TestJobsAPI" name="test_list_jobs" time="1.261"><failure message="AssertionError: Response should contain jobs key&#10;assert 'jobs' in [{'applications': 0, 'benefits': None, 'contact_email': None, 'created_at': '2026-01-23T23:22:52.345607+00:00', ...}, {'applications': 0, 'benefits': 'Assurance, vacances', 'contact_email': None, 'created_at': '2026-01-23T23:19:33.464047+00:00', ...}, {'applications': 2, 'benefits': None, 'contact_email': None, 'created_at': '2026-01-23T13:09:46.600015+00:00', ...}, {'applications': 2, 'benefits': None, 'contact_email': None, 'created_at': '2026-01-23T12:53:13.504278+00:00', ...}, {'applications': 0, 'benefits': None, 'contact_email': None, 'created_at': '2026-01-23T12:21:00.896122+00:00', ...}, {'applications': 0, 'benefits': None, 'contact_email': None, 'created_at': '2026-01-23T12:19:55.870537+00:00', ...}, ...]">backend/tests/test_notifications_iteration26.py:417: in test_list_jobs
    assert "jobs" in data, "Response should contain jobs key"
E   AssertionError: Response should contain jobs key
E   assert 'jobs' in [{'applications': 0, 'benefits': None, 'contact_email': None, 'created_at': '2026-01-23T23:22:52.345607+00:00', ...}, {'applications': 0, 'benefits': 'Assurance, vacances', 'contact_email': None, 'created_at': '2026-01-23T23:19:33.464047+00:00', ...}, {'applications': 2, 'benefits': None, 'contact_email': None, 'created_at': '2026-01-23T13:09:46.600015+00:00', ...}, {'applications': 2, 'benefits': None, 'contact_email': None, 'created_at': '2026-01-23T12:53:13.504278+00:00', ...}, {'applications': 0, 'benefits': None, 'contact_email': None, 'created_at': '2026-01-23T12:21:00.896122+00:00', ...}, {'applications': 0, 'benefits': None, 'contact_email': None, 'created_at': '2026-01-23T12:19:55.870537+00:00', ...}, ...]</failure></testcase><testcase classname="backend.tests.test_notifications_iteration26.TestJobsAPI" name="test_get_client_job_applications" time="0.679" /><testcase classname="backend.tests.test_notifications_iteration26.TestActivityFeed" name="test_client_activity_feed" time="1.144" /><testcase classname="backend.tests.test_notifications_iteration26.TestActivityFeed" name="test_enterprise_activity_feed" time="0.924" /><testcase classname="backend.tests.test_notifications_iteration26.TestPaymentsAPI" name="test_subscription_checkout_creates_stripe_url" time="0.345"><failure message="AssertionError: Failed to create checkout: {&quot;detail&quot;:&quot;Type de package invalide&quot;}&#10;assert 400 == 200&#10; +  where 400 = &lt;Response [400]&gt;.status_code">backend/tests/test_notifications_iteration26.py:499: in test_subscription_checkout_creates_stripe_url
    assert response.status_code == 200, f"Failed to create checkout: {response.text}"
E   AssertionError: Failed to create checkout: {"detail":"Type de package invalide"}
E   assert 400 == 200
E    +  where 400 = &lt;Response [400]&gt;.status_code</failure></testcase><testcase classname="backend.tests.test_notifications_iteration26.TestPaymentsAPI" name="test_payment_status_invalid_session" time="0.687" /><testcase classname="backend.tests.test_notifications_iteration26.TestNotificationTypes" name="test_notification_structure" time="0.570" /></testsuite></testsuites>