<?xml version="1.0" encoding="utf-8"?><testsuites name="pytest tests"><testsuite name="pytest" errors="0" failures="2" skipped="0" tests="21" time="10.791" timestamp="2026-01-23T14:58:49.036515+00:00" hostname="agent-env-6b7147c6-59ea-412f-9c95-e4d483f1dd6b"><testcase classname="backend.tests.test_iteration16_bugfixes.TestAuthentication" name="test_client_login" time="1.263" /><testcase classname="backend.tests.test_iteration16_bugfixes.TestAuthentication" name="test_enterprise_login" time="0.247" /><testcase classname="backend.tests.test_iteration16_bugfixes.TestCashbackSystem" name="test_cashback_balance_endpoint" time="0.465" /><testcase classname="backend.tests.test_iteration16_bugfixes.TestCashbackSystem" name="test_cashback_history_endpoint" time="0.570" /><testcase classname="backend.tests.test_iteration16_bugfixes.TestClientDocuments" name="test_list_client_documents" time="0.466" /><testcase classname="backend.tests.test_iteration16_bugfixes.TestJobsAPI" name="test_list_all_jobs" time="1.029" /><testcase classname="backend.tests.test_iteration16_bugfixes.TestJobsAPI" name="test_get_job_detail" time="1.431" /><testcase classname="backend.tests.test_iteration16_bugfixes.TestTrainingsAPI" name="test_list_all_trainings" time="0.154" /><testcase classname="backend.tests.test_iteration16_bugfixes.TestEnterpriseDashboard" name="test_get_enterprise_profile" time="0.242"><failure message="AssertionError: Get enterprise profile failed: {&quot;detail&quot;:&quot;Not Found&quot;}&#10;assert 404 == 200&#10; +  where 404 = &lt;Response [404]&gt;.status_code">backend/tests/test_iteration16_bugfixes.py:223: in test_get_enterprise_profile
    assert response.status_code == 200, f"Get enterprise profile failed: {response.text}"
E   AssertionError: Get enterprise profile failed: {"detail":"Not Found"}
E   assert 404 == 200
E    +  where 404 = &lt;Response [404]&gt;.status_code</failure></testcase><testcase classname="backend.tests.test_iteration16_bugfixes.TestEnterpriseDashboard" name="test_get_enterprise_jobs" time="1.124" /><testcase classname="backend.tests.test_iteration16_bugfixes.TestEnterpriseDashboard" name="test_get_enterprise_trainings" time="0.574" /><testcase classname="backend.tests.test_iteration16_bugfixes.TestEnterpriseDashboard" name="test_get_enterprise_applications" time="1.390" /><testcase classname="backend.tests.test_iteration16_bugfixes.TestClientDashboard" name="test_get_client_profile" time="0.350" /><testcase classname="backend.tests.test_iteration16_bugfixes.TestClientDashboard" name="test_get_client_orders" time="0.459" /><testcase classname="backend.tests.test_iteration16_bugfixes.TestClientDashboard" name="test_get_client_job_applications" time="0.238"><failure message="AssertionError: Get applications failed: {&quot;detail&quot;:&quot;Not Found&quot;}&#10;assert 404 == 200&#10; +  where 404 = &lt;Response [404]&gt;.status_code">backend/tests/test_iteration16_bugfixes.py:291: in test_get_client_job_applications
    assert response.status_code == 200, f"Get applications failed: {response.text}"
E   AssertionError: Get applications failed: {"detail":"Not Found"}
E   assert 404 == 200
E    +  where 404 = &lt;Response [404]&gt;.status_code</failure></testcase><testcase classname="backend.tests.test_iteration16_bugfixes.TestFeaturedEndpoints" name="test_featured_tendances" time="0.146" /><testcase classname="backend.tests.test_iteration16_bugfixes.TestFeaturedEndpoints" name="test_featured_guests" time="0.167" /><testcase classname="backend.tests.test_iteration16_bugfixes.TestFeaturedEndpoints" name="test_featured_offres" time="0.146" /><testcase classname="backend.tests.test_iteration16_bugfixes.TestFeaturedEndpoints" name="test_featured_premium" time="0.151" /><testcase classname="backend.tests.test_iteration16_bugfixes.TestCategoriesEndpoints" name="test_product_categories" time="0.036" /><testcase classname="backend.tests.test_iteration16_bugfixes.TestCategoriesEndpoints" name="test_service_categories" time="0.036" /></testsuite></testsuites>