<?xml version="1.0" encoding="utf-8"?><testsuites name="pytest tests"><testsuite name="pytest" errors="0" failures="4" skipped="0" tests="28" time="9.683" timestamp="2026-02-02T13:55:50.150287+00:00" hostname="agent-env-2966759e-b2d7-4e1d-926f-b9e224c0146f"><testcase classname="tests.test_iteration38_production_verification.TestAuthenticationFlow" name="test_client_login" time="2.095" /><testcase classname="tests.test_iteration38_production_verification.TestAuthenticationFlow" name="test_enterprise_login" time="0.150" /><testcase classname="tests.test_iteration38_production_verification.TestRdvTitelli" name="test_rdv_categories" time="0.043" /><testcase classname="tests.test_iteration38_production_verification.TestRdvTitelli" name="test_rdv_offers_requires_auth" time="0.038" /><testcase classname="tests.test_iteration38_production_verification.TestRdvTitelli" name="test_rdv_romantic_subscription_status" time="1.381" /><testcase classname="tests.test_iteration38_production_verification.TestRdvTitelli" name="test_rdv_subscribe_romantic_returns_stripe_url" time="1.078" /><testcase classname="tests.test_iteration38_production_verification.TestProPlusPlus" name="test_pro_status_requires_enterprise" time="0.299" /><testcase classname="tests.test_iteration38_production_verification.TestProPlusPlus" name="test_pro_status_for_enterprise" time="0.427" /><testcase classname="tests.test_iteration38_production_verification.TestProPlusPlus" name="test_pro_subscribe_returns_stripe_url" time="0.335" /><testcase classname="tests.test_iteration38_production_verification.TestSportsCompetitions" name="test_sports_categories" time="0.045" /><testcase classname="tests.test_iteration38_production_verification.TestSportsCompetitions" name="test_sports_matches_list" time="0.036"><failure message="AssertionError: Expected 200, got 401&#10;assert 401 == 200&#10; +  where 401 = &lt;Response [401]&gt;.status_code">tests/test_iteration38_production_verification.py:206: in test_sports_matches_list
    assert response.status_code == 200, f"Expected 200, got {response.status_code}"
E   AssertionError: Expected 200, got 401
E   assert 401 == 200
E    +  where 401 = &lt;Response [401]&gt;.status_code</failure></testcase><testcase classname="tests.test_iteration38_production_verification.TestSportsCompetitions" name="test_sports_teams_list" time="0.257" /><testcase classname="tests.test_iteration38_production_verification.TestSportsCompetitions" name="test_sports_competitions_list" time="0.265" /><testcase classname="tests.test_iteration38_production_verification.TestSportsCompetitions" name="test_create_match_requires_auth" time="0.039" /><testcase classname="tests.test_iteration38_production_verification.TestNotifications" name="test_notifications_requires_auth" time="0.033" /><testcase classname="tests.test_iteration38_production_verification.TestNotifications" name="test_notifications_list" time="0.509" /><testcase classname="tests.test_iteration38_production_verification.TestGamification" name="test_gamification_points_requires_auth" time="0.033"><failure message="AssertionError: Expected 401/403, got 404&#10;assert 404 in [401, 403]&#10; +  where 404 = &lt;Response [404]&gt;.status_code">tests/test_iteration38_production_verification.py:275: in test_gamification_points_requires_auth
    assert response.status_code in [401, 403], f"Expected 401/403, got {response.status_code}"
E   AssertionError: Expected 401/403, got 404
E   assert 404 in [401, 403]
E    +  where 404 = &lt;Response [404]&gt;.status_code</failure></testcase><testcase classname="tests.test_iteration38_production_verification.TestGamification" name="test_gamification_points" time="0.179"><failure message="AssertionError: Expected 200, got 404&#10;assert 404 == 200&#10; +  where 404 = &lt;Response [404]&gt;.status_code">tests/test_iteration38_production_verification.py:288: in test_gamification_points
    assert response.status_code == 200, f"Expected 200, got {response.status_code}"
E   AssertionError: Expected 200, got 404
E   assert 404 == 200
E    +  where 404 = &lt;Response [404]&gt;.status_code</failure></testcase><testcase classname="tests.test_iteration38_production_verification.TestGamification" name="test_gamification_leaderboard" time="0.259" /><testcase classname="tests.test_iteration38_production_verification.TestSpecialists" name="test_specialists_categories" time="0.037" /><testcase classname="tests.test_iteration38_production_verification.TestSpecialists" name="test_specialists_search" time="0.033" /><testcase classname="tests.test_iteration38_production_verification.TestSpecialists" name="test_specialists_requests_requires_auth" time="0.036" /><testcase classname="tests.test_iteration38_production_verification.TestLifestylePasses" name="test_lifestyle_passes_list" time="0.039"><failure message="AttributeError: 'str' object has no attribute 'get'">tests/test_iteration38_production_verification.py:348: in test_lifestyle_passes_list
    print(f"  - {p.get('name', p.get('id'))}: {p.get('price', 'N/A')} CHF")
                 ^^^^^
E   AttributeError: 'str' object has no attribute 'get'</failure></testcase><testcase classname="tests.test_iteration38_production_verification.TestLifestylePasses" name="test_lifestyle_pass_subscribe" time="0.864" /><testcase classname="tests.test_iteration38_production_verification.TestStripeConfiguration" name="test_stripe_live_mode_via_checkout" time="0.873" /><testcase classname="tests.test_iteration38_production_verification.TestFrontendPages" name="test_rdv_page_accessible" time="0.043" /><testcase classname="tests.test_iteration38_production_verification.TestFrontendPages" name="test_sports_page_accessible" time="0.034" /><testcase classname="tests.test_iteration38_production_verification.TestFrontendPages" name="test_pro_page_accessible" time="0.037" /></testsuite></testsuites>