<?xml version="1.0" encoding="utf-8"?><testsuites name="pytest tests"><testsuite name="pytest" errors="0" failures="1" skipped="0" tests="34" time="19.295" timestamp="2026-02-03T01:58:53.254735+00:00" hostname="agent-env-82f33343-e634-4b1b-b6bc-7d750c9aa199"><testcase classname="backend.tests.test_iteration40_monetization.TestHealthAndBasics" name="test_api_health" time="0.086" /><testcase classname="backend.tests.test_iteration40_monetization.TestHealthAndBasics" name="test_webhooks_health" time="0.041" /><testcase classname="backend.tests.test_iteration40_monetization.TestAuthentication" name="test_admin_login" time="1.154" /><testcase classname="backend.tests.test_iteration40_monetization.TestAuthentication" name="test_client_login" time="0.190" /><testcase classname="backend.tests.test_iteration40_monetization.TestAuthentication" name="test_enterprise_login" time="0.149" /><testcase classname="backend.tests.test_iteration40_monetization.TestStripePaymentFlows" name="test_premium_subscription_checkout" time="0.762" /><testcase classname="backend.tests.test_iteration40_monetization.TestStripePaymentFlows" name="test_vip_subscription_checkout" time="0.299"><failure message="assert 400 == 200&#10; +  where 400 = &lt;Response [400]&gt;.status_code">backend/tests/test_iteration40_monetization.py:119: in test_vip_subscription_checkout
    assert response.status_code == 200
E   assert 400 == 200
E    +  where 400 = &lt;Response [400]&gt;.status_code</failure></testcase><testcase classname="backend.tests.test_iteration40_monetization.TestRDVTitelliMonetization" name="test_rdv_categories" time="0.190" /><testcase classname="backend.tests.test_iteration40_monetization.TestRDVTitelliMonetization" name="test_romantic_subscription_checkout" time="1.816" /><testcase classname="backend.tests.test_iteration40_monetization.TestLifestylePasses" name="test_get_lifestyle_passes" time="0.196" /><testcase classname="backend.tests.test_iteration40_monetization.TestLifestylePasses" name="test_healthy_pass_checkout" time="0.834" /><testcase classname="backend.tests.test_iteration40_monetization.TestLifestylePasses" name="test_better_you_pass_checkout" time="0.825" /><testcase classname="backend.tests.test_iteration40_monetization.TestLifestylePasses" name="test_mvp_pass_checkout" time="1.013" /><testcase classname="backend.tests.test_iteration40_monetization.TestTitelliProPlus" name="test_pro_status_client_forbidden" time="0.523" /><testcase classname="backend.tests.test_iteration40_monetization.TestTitelliProPlus" name="test_pro_status_enterprise" time="1.051" /><testcase classname="backend.tests.test_iteration40_monetization.TestTitelliProPlus" name="test_pro_subscribe_enterprise" time="1.757" /><testcase classname="backend.tests.test_iteration40_monetization.TestStripeWebhooks" name="test_webhook_endpoint_exists" time="0.046" /><testcase classname="backend.tests.test_iteration40_monetization.TestStripeWebhooks" name="test_webhook_health" time="0.035" /><testcase classname="backend.tests.test_iteration40_monetization.TestAdminRoutes" name="test_admin_stats" time="0.966" /><testcase classname="backend.tests.test_iteration40_monetization.TestAdminRoutes" name="test_admin_stats_forbidden_for_client" time="0.357" /><testcase classname="backend.tests.test_iteration40_monetization.TestAdminRoutes" name="test_admin_users" time="0.708" /><testcase classname="backend.tests.test_iteration40_monetization.TestAdminRoutes" name="test_admin_accounting_summary" time="1.399" /><testcase classname="backend.tests.test_iteration40_monetization.TestReferralSystem" name="test_get_my_referral_code" time="0.518" /><testcase classname="backend.tests.test_iteration40_monetization.TestReferralSystem" name="test_referral_stats" time="0.564" /><testcase classname="backend.tests.test_iteration40_monetization.TestReferralSystem" name="test_referral_leaderboard" time="0.445" /><testcase classname="backend.tests.test_iteration40_monetization.TestEmailPreferences" name="test_get_notification_preferences" time="0.407" /><testcase classname="backend.tests.test_iteration40_monetization.TestEmailPreferences" name="test_update_notification_preferences" time="0.412" /><testcase classname="backend.tests.test_iteration40_monetization.TestSportsFeatures" name="test_sports_categories" time="0.183" /><testcase classname="backend.tests.test_iteration40_monetization.TestSportsFeatures" name="test_my_teams" time="0.650" /><testcase classname="backend.tests.test_iteration40_monetization.TestSportsFeatures" name="test_sports_matches" time="0.525" /><testcase classname="backend.tests.test_iteration40_monetization.TestSpecialistCategories" name="test_specialist_categories" time="0.200" /><testcase classname="backend.tests.test_iteration40_monetization.TestGamificationProfile" name="test_gamification_profile" time="0.430" /><testcase classname="backend.tests.test_iteration40_monetization.TestGamificationProfile" name="test_gamification_levels" time="0.232" /><testcase classname="backend.tests.test_iteration40_monetization.TestProFeatures" name="test_pro_features" time="0.198" /></testsuite></testsuites>