<?xml version="1.0" encoding="utf-8"?><testsuites name="pytest tests"><testsuite name="pytest" errors="0" failures="0" skipped="5" tests="19" time="8.073" timestamp="2026-03-17T11:31:27.040485+00:00" hostname="agent-env-51cdfaf7-fe1d-4ff5-9477-0f2a52eccc1a"><testcase classname="tests.test_titelli_api.TestHealthCheck" name="test_api_is_reachable" time="0.347" /><testcase classname="tests.test_titelli_api.TestHealthCheck" name="test_frontend_is_reachable" time="0.129" /><testcase classname="tests.test_titelli_api.TestFeaturedEndpoints" name="test_get_tendances" time="1.323" /><testcase classname="tests.test_titelli_api.TestFeaturedEndpoints" name="test_get_guests" time="0.248" /><testcase classname="tests.test_titelli_api.TestFeaturedEndpoints" name="test_get_premium" time="0.231" /><testcase classname="tests.test_titelli_api.TestFeaturedEndpoints" name="test_get_offres" time="0.263" /><testcase classname="tests.test_titelli_api.TestEnterprisesEndpoints" name="test_get_enterprises_list" time="0.461" /><testcase classname="tests.test_titelli_api.TestEnterprisesEndpoints" name="test_get_enterprise_by_id" time="0.802" /><testcase classname="tests.test_titelli_api.TestAuthEndpoints" name="test_login_with_valid_credentials" time="0.243" /><testcase classname="tests.test_titelli_api.TestAuthEndpoints" name="test_login_with_invalid_credentials" time="0.224" /><testcase classname="tests.test_titelli_api.TestAuthEndpoints" name="test_get_current_user_authenticated" time="0.484" /><testcase classname="tests.test_titelli_api.TestProductsAndServices" name="test_get_products" time="0.107"><skipped type="pytest.skip" message="Products endpoint not found">/app/backend/tests/test_titelli_api.py:190: Products endpoint not found</skipped></testcase><testcase classname="tests.test_titelli_api.TestProductsAndServices" name="test_get_services" time="0.105"><skipped type="pytest.skip" message="Services endpoint not found">/app/backend/tests/test_titelli_api.py:203: Services endpoint not found</skipped></testcase><testcase classname="tests.test_titelli_api.TestCartAndOrders" name="test_get_cart" time="0.347"><skipped type="pytest.skip" message="Cart endpoint not found">/app/backend/tests/test_titelli_api.py:235: Cart endpoint not found</skipped></testcase><testcase classname="tests.test_titelli_api.TestCartAndOrders" name="test_get_orders" time="0.589" /><testcase classname="tests.test_titelli_api.TestStripeIntegration" name="test_stripe_config_endpoint" time="0.239"><skipped type="pytest.skip" message="Stripe config endpoint not found">/app/backend/tests/test_titelli_api.py:281: Stripe config endpoint not found</skipped></testcase><testcase classname="tests.test_titelli_api.TestCategoriesAndSearch" name="test_get_categories" time="0.115"><skipped type="pytest.skip" message="Categories endpoint not found">/app/backend/tests/test_titelli_api.py:295: Categories endpoint not found</skipped></testcase><testcase classname="tests.test_titelli_api.TestCategoriesAndSearch" name="test_search_enterprises" time="1.031" /><testcase classname="tests.test_titelli_api.TestHomepageData" name="test_homepage_sections_data" time="0.697" /></testsuite></testsuites>