<?xml version="1.0" encoding="utf-8"?><testsuites name="pytest tests"><testsuite name="pytest" errors="0" failures="2" skipped="0" tests="24" time="70.324" timestamp="2026-03-02T16:57:31.288140+00:00" hostname="agent-env-53a34f94-1367-4224-8378-267144a1e139"><testcase classname="backend.tests.test_iteration43_titelli_full.TestHealthAndBasic" name="test_health_endpoint" time="0.226" /><testcase classname="backend.tests.test_iteration43_titelli_full.TestEnterprises" name="test_list_enterprises" time="2.163" /><testcase classname="backend.tests.test_iteration43_titelli_full.TestEnterprises" name="test_list_enterprises_with_category_filter" time="0.571" /><testcase classname="backend.tests.test_iteration43_titelli_full.TestEnterprises" name="test_list_certified_enterprises" time="0.395" /><testcase classname="backend.tests.test_iteration43_titelli_full.TestEnterprises" name="test_list_premium_enterprises" time="0.391" /><testcase classname="backend.tests.test_iteration43_titelli_full.TestServicesProducts" name="test_list_services" time="0.339" /><testcase classname="backend.tests.test_iteration43_titelli_full.TestServicesProducts" name="test_list_products" time="0.343" /><testcase classname="backend.tests.test_iteration43_titelli_full.TestCategories" name="test_enterprise_categories" time="60.133"><failure message="assert 502 == 200&#10; +  where 502 = &lt;Response [502]&gt;.status_code">backend/tests/test_iteration43_titelli_full.py:88: in test_enterprise_categories
    assert response.status_code == 200
E   assert 502 == 200
E    +  where 502 = &lt;Response [502]&gt;.status_code</failure></testcase><testcase classname="backend.tests.test_iteration43_titelli_full.TestCategories" name="test_service_categories" time="0.261" /><testcase classname="backend.tests.test_iteration43_titelli_full.TestCategories" name="test_product_categories" time="0.117" /><testcase classname="backend.tests.test_iteration43_titelli_full.TestFeaturedData" name="test_tendances" time="0.254" /><testcase classname="backend.tests.test_iteration43_titelli_full.TestFeaturedData" name="test_guests" time="0.228" /><testcase classname="backend.tests.test_iteration43_titelli_full.TestFeaturedData" name="test_offres" time="0.274" /><testcase classname="backend.tests.test_iteration43_titelli_full.TestFeaturedData" name="test_premium" time="0.225" /><testcase classname="backend.tests.test_iteration43_titelli_full.TestJobs" name="test_list_jobs" time="1.591" /><testcase classname="backend.tests.test_iteration43_titelli_full.TestTrainings" name="test_list_trainings" time="0.224" /><testcase classname="backend.tests.test_iteration43_titelli_full.TestAuth" name="test_login_with_invalid_credentials" time="0.261" /><testcase classname="backend.tests.test_iteration43_titelli_full.TestAuth" name="test_register_missing_fields" time="0.146" /><testcase classname="backend.tests.test_iteration43_titelli_full.TestCashback" name="test_cashback_page_endpoint" time="0.194" /><testcase classname="backend.tests.test_iteration43_titelli_full.TestStripeEndpoints" name="test_checkout_endpoint_requires_auth" time="0.105"><failure message="assert 404 in [401, 422]&#10; +  where 404 = &lt;Response [404]&gt;.status_code">backend/tests/test_iteration43_titelli_full.py:211: in test_checkout_endpoint_requires_auth
    assert response.status_code in [401, 422]
E   assert 404 in [401, 422]
E    +  where 404 = &lt;Response [404]&gt;.status_code</failure></testcase><testcase classname="backend.tests.test_iteration43_titelli_full.TestSearch" name="test_search_enterprises" time="1.052" /><testcase classname="backend.tests.test_iteration43_titelli_full.TestMediaPub" name="test_media_templates" time="0.115" /><testcase classname="backend.tests.test_iteration43_titelli_full.TestVideoPub" name="test_video_templates" time="0.156" /><testcase classname="backend.tests.test_iteration43_titelli_full.TestAuthenticatedEndpoints" name="test_get_current_user" time="0.443" /></testsuite></testsuites>