<?xml version="1.0" encoding="utf-8"?><testsuites name="pytest tests"><testsuite name="pytest" errors="0" failures="6" skipped="0" tests="33" time="16.860" timestamp="2026-02-03T01:56:34.257394+00:00" hostname="agent-env-82f33343-e634-4b1b-b6bc-7d750c9aa199"><testcase classname="backend.tests.test_iteration40_monetization.TestHealthAndBasics" name="test_api_health" time="0.136" /><testcase classname="backend.tests.test_iteration40_monetization.TestHealthAndBasics" name="test_webhooks_health" time="0.051" /><testcase classname="backend.tests.test_iteration40_monetization.TestAuthentication" name="test_admin_login" time="1.773" /><testcase classname="backend.tests.test_iteration40_monetization.TestAuthentication" name="test_client_login" time="0.160" /><testcase classname="backend.tests.test_iteration40_monetization.TestAuthentication" name="test_enterprise_login" time="0.158" /><testcase classname="backend.tests.test_iteration40_monetization.TestStripePaymentFlows" name="test_premium_subscription_checkout" time="0.329"><failure message="assert 422 == 200&#10; +  where 422 = &lt;Response [422]&gt;.status_code">backend/tests/test_iteration40_monetization.py:110: in test_premium_subscription_checkout
    assert response.status_code == 200
E   assert 422 == 200
E    +  where 422 = &lt;Response [422]&gt;.status_code</failure></testcase><testcase classname="backend.tests.test_iteration40_monetization.TestStripePaymentFlows" name="test_vip_subscription_checkout" time="0.323"><failure message="assert 422 == 200&#10; +  where 422 = &lt;Response [422]&gt;.status_code">backend/tests/test_iteration40_monetization.py:125: in test_vip_subscription_checkout
    assert response.status_code == 200
E   assert 422 == 200
E    +  where 422 = &lt;Response [422]&gt;.status_code</failure></testcase><testcase classname="backend.tests.test_iteration40_monetization.TestRDVTitelliMonetization" name="test_rdv_categories" time="0.192" /><testcase classname="backend.tests.test_iteration40_monetization.TestRDVTitelliMonetization" name="test_romantic_subscription_checkout" time="0.205"><failure message="assert 404 in [200, 400]&#10; +  where 404 = &lt;Response [404]&gt;.status_code">backend/tests/test_iteration40_monetization.py:159: in test_romantic_subscription_checkout
    assert response.status_code in [200, 400]
E   assert 404 in [200, 400]
E    +  where 404 = &lt;Response [404]&gt;.status_code</failure></testcase><testcase classname="backend.tests.test_iteration40_monetization.TestLifestylePasses" name="test_get_lifestyle_passes" time="0.197" /><testcase classname="backend.tests.test_iteration40_monetization.TestLifestylePasses" name="test_healthy_pass_checkout" time="2.051" /><testcase classname="backend.tests.test_iteration40_monetization.TestLifestylePasses" name="test_better_you_pass_checkout" time="0.911" /><testcase classname="backend.tests.test_iteration40_monetization.TestLifestylePasses" name="test_mvp_pass_checkout" time="0.857" /><testcase classname="backend.tests.test_iteration40_monetization.TestTitelliProPlus" name="test_pro_status_client_forbidden" time="0.293" /><testcase classname="backend.tests.test_iteration40_monetization.TestTitelliProPlus" name="test_pro_status_enterprise" time="0.409" /><testcase classname="backend.tests.test_iteration40_monetization.TestTitelliProPlus" name="test_pro_subscribe_enterprise" time="0.847" /><testcase classname="backend.tests.test_iteration40_monetization.TestStripeWebhooks" name="test_webhook_endpoint_exists" time="0.053" /><testcase classname="backend.tests.test_iteration40_monetization.TestStripeWebhooks" name="test_webhook_health" time="0.038" /><testcase classname="backend.tests.test_iteration40_monetization.TestAdminRoutes" name="test_admin_stats" time="1.044"><failure message="AssertionError: assert 'users' in {'recent_orders': [{'created_at': '2026-01-28T00:31:51.103294+00:00', 'customer_info': {'additional_info': '', 'city': 'paris', 'delivery_address': 'ffdfd', 'email': 'test1@gmail.com', ...}, 'delivery_address': 'ffdfd, 54545 paris', 'enterprise_id': '4e4bc37a-ced6-4e92-be4e-4fb1c2df165e', ...}, {'created_at': '2026-01-28T00:27:50.346787+00:00', 'customer_info': {'additional_info': '', 'city': 'Lausanne', 'delivery_address': 'Rue du Lac 25', 'email': 'demo.client@titelli.com', ...}, 'delivery_address': 'Rue du Lac 25, 1003 Lausanne', 'enterprise_id': '4e4bc37a-ced6-4e92-be4e-4fb1c2df165e', ...}, {'created_at': '2026-01-28T00:24:08.123646+00:00', 'customer_info': {'additional_info': '2ème étage', 'city': 'Lausanne', 'delivery_address': 'Rue du Lac 25', 'email': 'demo.client@titelli.com', ...}, 'delivery_address': 'Rue du Lac 25, 1003 Lausanne', 'enterprise_id': '4e4bc37a-ced6-4e92-be4e-4fb1c2df165e', ...}, {'created_at': '2026-01-28T00:17:44.422277+00:00', 'customer_info': {'additional_info': '2ème étage', 'city': 'Lausanne', 'delivery_address': 'Rue du Lac 25', 'email': 'demo.client@titelli.com', ...}, 'delivery_address': 'Rue du Lac 25, 1003 Lausanne', 'enterprise_id': '466af119-...reated_at': '2026-01-26T15:38:37.982939+00:00', 'delivery_address': 'Test Address for SalonPro Sync', 'enterprise_id': 'b34dd7dd-e7ac-4308-83c8-173163ebc819', 'id': '2301e828-83f7-4825-95d8-5974a60a3316', ...}, ...], 'recent_users': [{'address': None, 'cashback_balance': 0.0, 'city': 'Lausanne', 'created_at': '2026-02-02T20:12:15.678590+00:00', ...}, {'created_at': '2026-01-31T23:25:43.815093+00:00', 'email': '8uiuiuiuupy@gmail.com', 'enterprise_id': '697c98c557acdc69eb80fe6a', 'first_name': 'bruno', ...}, {'address': None, 'avatar': '/api/uploads/0ae5c97c-2b18-4f81-9431-1939f209073f.png', 'cashback_balance': 0.0, 'city': 'Lausanne', ...}, {'address': None, 'cashback_balance': 0.0, 'city': 'Lausanne', 'created_at': '2026-01-31T13:43:06.278341+00:00', ...}, {'created_at': '2026-01-30T13:09:55.655484+00:00', 'email': 'test.acarre@titelli.com', 'enterprise_id': '697c98c257acdc69eb80fe5d', 'first_name': 'Arnaud', ...}, {'created_at': '2026-01-30T13:01:47.144716+00:00', 'email': 'testin@gmail.com', 'enterprise_id': '762b49c7-1d53-4191-83de-1e2c305ba4f4', 'first_name': 'testin', ...}, ...], 'stats': {'total_enterprises': 6482, 'total_orders': 26, 'total_reviews': 19, 'total_users': 61}}">backend/tests/test_iteration40_monetization.py:351: in test_admin_stats
    assert "users" in data
E   AssertionError: assert 'users' in {'recent_orders': [{'created_at': '2026-01-28T00:31:51.103294+00:00', 'customer_info': {'additional_info': '', 'city': 'paris', 'delivery_address': 'ffdfd', 'email': 'test1@gmail.com', ...}, 'delivery_address': 'ffdfd, 54545 paris', 'enterprise_id': '4e4bc37a-ced6-4e92-be4e-4fb1c2df165e', ...}, {'created_at': '2026-01-28T00:27:50.346787+00:00', 'customer_info': {'additional_info': '', 'city': 'Lausanne', 'delivery_address': 'Rue du Lac 25', 'email': 'demo.client@titelli.com', ...}, 'delivery_address': 'Rue du Lac 25, 1003 Lausanne', 'enterprise_id': '4e4bc37a-ced6-4e92-be4e-4fb1c2df165e', ...}, {'created_at': '2026-01-28T00:24:08.123646+00:00', 'customer_info': {'additional_info': '2ème étage', 'city': 'Lausanne', 'delivery_address': 'Rue du Lac 25', 'email': 'demo.client@titelli.com', ...}, 'delivery_address': 'Rue du Lac 25, 1003 Lausanne', 'enterprise_id': '4e4bc37a-ced6-4e92-be4e-4fb1c2df165e', ...}, {'created_at': '2026-01-28T00:17:44.422277+00:00', 'customer_info': {'additional_info': '2ème étage', 'city': 'Lausanne', 'delivery_address': 'Rue du Lac 25', 'email': 'demo.client@titelli.com', ...}, 'delivery_address': 'Rue du Lac 25, 1003 Lausanne', 'enterprise_id': '466af119-...reated_at': '2026-01-26T15:38:37.982939+00:00', 'delivery_address': 'Test Address for SalonPro Sync', 'enterprise_id': 'b34dd7dd-e7ac-4308-83c8-173163ebc819', 'id': '2301e828-83f7-4825-95d8-5974a60a3316', ...}, ...], 'recent_users': [{'address': None, 'cashback_balance': 0.0, 'city': 'Lausanne', 'created_at': '2026-02-02T20:12:15.678590+00:00', ...}, {'created_at': '2026-01-31T23:25:43.815093+00:00', 'email': '8uiuiuiuupy@gmail.com', 'enterprise_id': '697c98c557acdc69eb80fe6a', 'first_name': 'bruno', ...}, {'address': None, 'avatar': '/api/uploads/0ae5c97c-2b18-4f81-9431-1939f209073f.png', 'cashback_balance': 0.0, 'city': 'Lausanne', ...}, {'address': None, 'cashback_balance': 0.0, 'city': 'Lausanne', 'created_at': '2026-01-31T13:43:06.278341+00:00', ...}, {'created_at': '2026-01-30T13:09:55.655484+00:00', 'email': 'test.acarre@titelli.com', 'enterprise_id': '697c98c257acdc69eb80fe5d', 'first_name': 'Arnaud', ...}, {'created_at': '2026-01-30T13:01:47.144716+00:00', 'email': 'testin@gmail.com', 'enterprise_id': '762b49c7-1d53-4191-83de-1e2c305ba4f4', 'first_name': 'testin', ...}, ...], 'stats': {'total_enterprises': 6482, 'total_orders': 26, 'total_reviews': 19, 'total_users': 61}}</failure></testcase><testcase classname="backend.tests.test_iteration40_monetization.TestAdminRoutes" name="test_admin_stats_forbidden_for_client" time="0.307" /><testcase classname="backend.tests.test_iteration40_monetization.TestAdminRoutes" name="test_admin_users" time="0.644" /><testcase classname="backend.tests.test_iteration40_monetization.TestAdminRoutes" name="test_admin_accounting_summary" time="1.346" /><testcase classname="backend.tests.test_iteration40_monetization.TestReferralSystem" name="test_get_my_referral_code" time="0.531" /><testcase classname="backend.tests.test_iteration40_monetization.TestReferralSystem" name="test_referral_stats" time="0.535"><failure message="AssertionError: assert 'total_referrals' in {'bonuses_achieved': {'10_referrals': False, '25_referrals': False, '5_referrals': False}, 'code': 'TIT1F9AEF6D', 'next_bonus': {'count': 5, 'points': 100, 'remaining': 4}, 'referrals': [{'joined_at': '2026-02-02T20:12:16.467670+00:00', 'name': 'testuser1770063135', 'points_earned': 50}], ...}">backend/tests/test_iteration40_monetization.py:409: in test_referral_stats
    assert "total_referrals" in data
E   AssertionError: assert 'total_referrals' in {'bonuses_achieved': {'10_referrals': False, '25_referrals': False, '5_referrals': False}, 'code': 'TIT1F9AEF6D', 'next_bonus': {'count': 5, 'points': 100, 'remaining': 4}, 'referrals': [{'joined_at': '2026-02-02T20:12:16.467670+00:00', 'name': 'testuser1770063135', 'points_earned': 50}], ...}</failure></testcase><testcase classname="backend.tests.test_iteration40_monetization.TestReferralSystem" name="test_referral_leaderboard" time="0.412" /><testcase classname="backend.tests.test_iteration40_monetization.TestEmailPreferences" name="test_get_notification_preferences" time="0.412" /><testcase classname="backend.tests.test_iteration40_monetization.TestEmailPreferences" name="test_update_notification_preferences" time="0.447" /><testcase classname="backend.tests.test_iteration40_monetization.TestSportsFeatures" name="test_sports_categories" time="0.190" /><testcase classname="backend.tests.test_iteration40_monetization.TestSportsFeatures" name="test_my_teams" time="0.415" /><testcase classname="backend.tests.test_iteration40_monetization.TestSportsFeatures" name="test_sports_matches" time="0.518" /><testcase classname="backend.tests.test_iteration40_monetization.TestSpecialistCategories" name="test_specialist_categories" time="0.191" /><testcase classname="backend.tests.test_iteration40_monetization.TestGamificationProfile" name="test_gamification_profile" time="0.457"><failure message="AssertionError: assert 'points' in {'action_counts': {'rdv_offer_created': 1, 'referral_success': 1}, 'badges': [{'category': 'rdv', 'condition': {'action': 'rdv_offer_created', 'count': 1, 'type': 'count'}, 'description': 'Créer votre premier rendez-vous', 'icon': '#x1F3AF', ...}], 'badges_count': 1, 'level': {'icon': '#x1F331', 'level': 1, 'min_points': 0, 'name': 'Débutant'}, ...}">backend/tests/test_iteration40_monetization.py:534: in test_gamification_profile
    assert "points" in data
E   AssertionError: assert 'points' in {'action_counts': {'rdv_offer_created': 1, 'referral_success': 1}, 'badges': [{'category': 'rdv', 'condition': {'action': 'rdv_offer_created', 'count': 1, 'type': 'count'}, 'description': 'Créer votre premier rendez-vous', 'icon': '#x1F3AF', ...}], 'badges_count': 1, 'level': {'icon': '#x1F331', 'level': 1, 'min_points': 0, 'name': 'Débutant'}, ...}</failure></testcase><testcase classname="backend.tests.test_iteration40_monetization.TestGamificationProfile" name="test_gamification_levels" time="0.200" /></testsuite></testsuites>