<?xml version="1.0" encoding="utf-8"?><testsuites name="pytest tests"><testsuite name="pytest" errors="0" failures="6" skipped="0" tests="15" time="7.815" timestamp="2026-01-23T12:08:50.732806+00:00" hostname="agent-env-95bf42f7-7702-491e-bc03-d67e1f72cfe0"><testcase classname="backend.tests.test_iteration14_features.TestOnlineStatusAPIs" name="test_heartbeat_endpoint" time="1.505" /><testcase classname="backend.tests.test_iteration14_features.TestOnlineStatusAPIs" name="test_offline_endpoint" time="0.482" /><testcase classname="backend.tests.test_iteration14_features.TestOnlineStatusAPIs" name="test_friends_online_endpoint" time="0.472" /><testcase classname="backend.tests.test_iteration14_features.TestOnlineStatusAPIs" name="test_heartbeat_updates_user_status" time="0.612" /><testcase classname="backend.tests.test_iteration14_features.TestOnlineStatusAPIs" name="test_heartbeat_requires_auth" time="0.278" /><testcase classname="backend.tests.test_iteration14_features.TestOnlineStatusAPIs" name="test_offline_requires_auth" time="0.241" /><testcase classname="backend.tests.test_iteration14_features.TestOnlineStatusAPIs" name="test_friends_online_requires_auth" time="0.277" /><testcase classname="backend.tests.test_iteration14_features.TestTrainingReviewsAPIs" name="test_get_training_reviews_endpoint" time="0.353"><failure message="AttributeError: 'list' object has no attribute 'get'">backend/tests/test_iteration14_features.py:132: in test_get_training_reviews_endpoint
    if trainings_response.status_code != 200 or not trainings_response.json().get("trainings"):
                                                    ^^^^^^^^^^^^^^^^^^^^^^^^^^^^^
E   AttributeError: 'list' object has no attribute 'get'</failure></testcase><testcase classname="backend.tests.test_iteration14_features.TestTrainingReviewsAPIs" name="test_create_review_requires_completed_enrollment" time="0.347"><failure message="AttributeError: 'list' object has no attribute 'get'">backend/tests/test_iteration14_features.py:154: in test_create_review_requires_completed_enrollment
    if trainings_response.status_code != 200 or not trainings_response.json().get("trainings"):
                                                    ^^^^^^^^^^^^^^^^^^^^^^^^^^^^^
E   AttributeError: 'list' object has no attribute 'get'</failure></testcase><testcase classname="backend.tests.test_iteration14_features.TestTrainingReviewsAPIs" name="test_create_review_requires_auth" time="0.275" /><testcase classname="backend.tests.test_iteration14_features.TestTrainingReviewsAPIs" name="test_get_reviews_public_access" time="0.367"><failure message="AttributeError: 'list' object has no attribute 'get'">backend/tests/test_iteration14_features.py:186: in test_get_reviews_public_access
    if trainings_response.status_code != 200 or not trainings_response.json().get("trainings"):
                                                    ^^^^^^^^^^^^^^^^^^^^^^^^^^^^^
E   AttributeError: 'list' object has no attribute 'get'</failure></testcase><testcase classname="backend.tests.test_iteration14_features.TestTrainingTypeMigration" name="test_trainings_have_training_type" time="0.150"><failure message="AttributeError: 'list' object has no attribute 'get'">backend/tests/test_iteration14_features.py:207: in test_trainings_have_training_type
    trainings = data.get("trainings", [])
                ^^^^^^^^
E   AttributeError: 'list' object has no attribute 'get'</failure></testcase><testcase classname="backend.tests.test_iteration14_features.TestClientTrainingsWithReviewStatus" name="test_client_trainings_endpoint" time="0.907"><failure message="AssertionError: Response should be a list of enrollments&#10;assert False&#10; +  where False = isinstance({'enrollments': [{'completed_at': '2026-01-23T12:04:46.099201+00:00', 'downloadable_files': [], 'end_date': '2026-02-16', 'enrolled_at': '2026-01-23T11:35:55.379436+00:00', ...}, {'downloadable_files': [{'name': 'Guide PDF', 'type': 'application/pdf', 'url': '/uploads/guide.pdf'}, {'name': 'Video Introduction', 'type': 'video/mp4', 'url': '/uploads/intro.mp4'}], 'end_date': None, 'enrolled_at': '2026-01-23T11:35:04.765944+00:00', 'enterprise_id': 'b34dd7dd-e7ac-4308-83c8-173163ebc819', ...}, {'downloadable_files': [], 'end_date': '2026-02-16', 'enrolled_at': '2026-01-23T11:31:29.545334+00:00', 'enterprise_id': 'b34dd7dd-e7ac-4308-83c8-173163ebc819', ...}, {'downloadable_files': [], 'end_date': '2026-02-16', 'enrolled_at': '2026-01-23T11:29:46.721494+00:00', 'enterprise_id': 'b34dd7dd-e7ac-4308-83c8-173163ebc819', ...}], 'stats': {'completed': 1, 'in_progress': 3, 'total': 4}}, list)">backend/tests/test_iteration14_features.py:258: in test_client_trainings_endpoint
    assert isinstance(data, list), "Response should be a list of enrollments"
E   AssertionError: Response should be a list of enrollments
E   assert False
E    +  where False = isinstance({'enrollments': [{'completed_at': '2026-01-23T12:04:46.099201+00:00', 'downloadable_files': [], 'end_date': '2026-02-16', 'enrolled_at': '2026-01-23T11:35:55.379436+00:00', ...}, {'downloadable_files': [{'name': 'Guide PDF', 'type': 'application/pdf', 'url': '/uploads/guide.pdf'}, {'name': 'Video Introduction', 'type': 'video/mp4', 'url': '/uploads/intro.mp4'}], 'end_date': None, 'enrolled_at': '2026-01-23T11:35:04.765944+00:00', 'enterprise_id': 'b34dd7dd-e7ac-4308-83c8-173163ebc819', ...}, {'downloadable_files': [], 'end_date': '2026-02-16', 'enrolled_at': '2026-01-23T11:31:29.545334+00:00', 'enterprise_id': 'b34dd7dd-e7ac-4308-83c8-173163ebc819', ...}, {'downloadable_files': [], 'end_date': '2026-02-16', 'enrolled_at': '2026-01-23T11:29:46.721494+00:00', 'enterprise_id': 'b34dd7dd-e7ac-4308-83c8-173163ebc819', ...}], 'stats': {'completed': 1, 'in_progress': 3, 'total': 4}}, list)</failure></testcase><testcase classname="backend.tests.test_iteration14_features.TestClientTrainingsWithReviewStatus" name="test_client_trainings_filter_by_status" time="0.840" /><testcase classname="backend.tests.test_iteration14_features.TestReviewWorkflow" name="test_review_workflow_for_completed_training" time="0.582"><failure message="AttributeError: 'str' object has no attribute 'get'">backend/tests/test_iteration14_features.py:317: in test_review_workflow_for_completed_training
    unreviewd = [t for t in completed if not t.get("has_reviewed")]
                ^^^^^^^^^^^^^^^^^^^^^^^^^^^^^^^^^^^^^^^^^^^^^^^^^^^
backend/tests/test_iteration14_features.py:317: in &lt;listcomp&gt;
    unreviewd = [t for t in completed if not t.get("has_reviewed")]
                                             ^^^^^
E   AttributeError: 'str' object has no attribute 'get'</failure></testcase></testsuite></testsuites>