<?xml version="1.0" encoding="utf-8"?><testsuites name="pytest tests"><testsuite name="pytest" errors="0" failures="2" skipped="0" tests="23" time="21.273" timestamp="2026-01-25T00:47:22.809898+00:00" hostname="agent-env-b15102dc-4213-4440-b10c-e37f4b3e1e00"><testcase classname="backend.tests.test_iteration33_admin_withdrawals.TestAdminAuthentication" name="test_admin_login" time="1.241" /><testcase classname="backend.tests.test_iteration33_admin_withdrawals.TestAdminAuthentication" name="test_client_login" time="0.202" /><testcase classname="backend.tests.test_iteration33_admin_withdrawals.TestAdminWithdrawalsEndpoint" name="test_admin_can_list_withdrawals" time="1.133" /><testcase classname="backend.tests.test_iteration33_admin_withdrawals.TestAdminWithdrawalsEndpoint" name="test_admin_can_filter_by_status" time="4.848" /><testcase classname="backend.tests.test_iteration33_admin_withdrawals.TestAdminWithdrawalsEndpoint" name="test_non_admin_cannot_access_withdrawals" time="0.349" /><testcase classname="backend.tests.test_iteration33_admin_withdrawals.TestAdminWithdrawalsEndpoint" name="test_unauthenticated_cannot_access_withdrawals" time="0.039" /><testcase classname="backend.tests.test_iteration33_admin_withdrawals.TestAdminWithdrawalStatusUpdate" name="test_get_withdrawal_for_status_update" time="1.119" /><testcase classname="backend.tests.test_iteration33_admin_withdrawals.TestAdminWithdrawalStatusUpdate" name="test_admin_can_update_status_to_completed" time="2.349" /><testcase classname="backend.tests.test_iteration33_admin_withdrawals.TestAdminWithdrawalStatusUpdate" name="test_invalid_status_rejected" time="1.270" /><testcase classname="backend.tests.test_iteration33_admin_withdrawals.TestAdminWithdrawalStatusUpdate" name="test_nonexistent_withdrawal_returns_404" time="0.494" /><testcase classname="backend.tests.test_iteration33_admin_withdrawals.TestAdminWithdrawalCSVExport" name="test_admin_can_export_csv" time="0.465" /><testcase classname="backend.tests.test_iteration33_admin_withdrawals.TestAdminWithdrawalCSVExport" name="test_csv_export_with_status_filter" time="0.460" /><testcase classname="backend.tests.test_iteration33_admin_withdrawals.TestAdminWithdrawalCSVExport" name="test_non_admin_cannot_export_csv" time="0.349" /><testcase classname="backend.tests.test_iteration33_admin_withdrawals.TestAdminWithdrawalDetail" name="test_admin_can_get_withdrawal_detail" time="1.483" /><testcase classname="backend.tests.test_iteration33_admin_withdrawals.TestFailedWithdrawalRefund" name="test_failed_status_refunds_balance" time="2.983" /><testcase classname="backend.tests.test_iteration33_admin_withdrawals.TestStripeWebhook" name="test_webhook_endpoint_exists" time="0.032" /><testcase classname="backend.tests.test_iteration33_admin_withdrawals.TestStripeWebhook" name="test_webhook_handles_transfer_created_event" time="0.148" /><testcase classname="backend.tests.test_iteration33_admin_withdrawals.TestStripeWebhook" name="test_webhook_handles_transfer_paid_event" time="0.158" /><testcase classname="backend.tests.test_iteration33_admin_withdrawals.TestStripeWebhook" name="test_webhook_handles_transfer_failed_event" time="0.146" /><testcase classname="backend.tests.test_iteration33_admin_withdrawals.TestStripeWebhook" name="test_webhook_handles_payout_events" time="0.297" /><testcase classname="backend.tests.test_iteration33_admin_withdrawals.TestClientCashbackWithdrawal" name="test_client_can_get_withdrawal_info" time="0.454" /><testcase classname="backend.tests.test_iteration33_admin_withdrawals.TestClientCashbackWithdrawal" name="test_client_can_get_withdrawal_history" time="0.453"><failure message="AssertionError: assert False&#10; +  where False = isinstance({'withdrawals': [{'account_holder': 'Test User', 'amount': 50.0, 'bic_swift': None, 'completed_at': '2026-01-25T00:42:43.868692+00:00', ...}, {'account_holder': 'Test User', 'admin_note': 'TEST: Testing refund', 'amount': 50.0, 'bic_swift': None, ...}, {'account_holder': 'Test User', 'amount': 50.0, 'completed_at': None, 'created_at': '2026-01-25T00:23:38.499862+00:00', ...}]}, list)">backend/tests/test_iteration33_admin_withdrawals.py:591: in test_client_can_get_withdrawal_history
    assert isinstance(data, list)
E   AssertionError: assert False
E    +  where False = isinstance({'withdrawals': [{'account_holder': 'Test User', 'amount': 50.0, 'bic_swift': None, 'completed_at': '2026-01-25T00:42:43.868692+00:00', ...}, {'account_holder': 'Test User', 'admin_note': 'TEST: Testing refund', 'amount': 50.0, 'bic_swift': None, ...}, {'account_holder': 'Test User', 'amount': 50.0, 'completed_at': None, 'created_at': '2026-01-25T00:23:38.499862+00:00', ...}]}, list)</failure></testcase><testcase classname="backend.tests.test_iteration33_admin_withdrawals.TestNotifications" name="test_client_can_get_notifications" time="0.677"><failure message="AssertionError: assert False&#10; +  where False = isinstance({'notifications': [{'color': 'green', 'created_at': '2026-01-25T00:47:40.686699+00:00', 'data': {}, 'icon': 'credit-card', ...}, {'color': 'green', 'created_at': '2026-01-25T00:47:33.311307+00:00', 'data': {}, 'icon': 'credit-card', ...}, {'color': 'green', 'created_at': '2026-01-25T00:42:43.980376+00:00', 'data': {}, 'icon': 'credit-card', ...}, {'color': 'green', 'created_at': '2026-01-25T00:26:26.721386+00:00', 'data': {}, 'icon': 'credit-card', ...}, {'created_at': '2026-01-24T22:37:15.251306+00:00', 'data': {'friendship_id': 'e8b6a896-a791-43f3-b405-31cbfcb55a81', 'sender_id': 'e7587bce-51c6-42be-96cd-003174eaf478'}, 'id': '58e17b53-36f1-4bdc-bfa8-8c39405e8c0a', 'is_read': True, ...}, {'color': 'green', 'created_at': '2026-01-24T01:22:00.015572+00:00', 'data': {'order_id': '0938b117-ba1c-4266-95f7-1e5617b86ec5', 'total': 514.5}, 'icon': 'shopping-cart', ...}, ...], 'unread_count': 4}, list)">backend/tests/test_iteration33_admin_withdrawals.py:623: in test_client_can_get_notifications
    assert isinstance(data, list)
E   AssertionError: assert False
E    +  where False = isinstance({'notifications': [{'color': 'green', 'created_at': '2026-01-25T00:47:40.686699+00:00', 'data': {}, 'icon': 'credit-card', ...}, {'color': 'green', 'created_at': '2026-01-25T00:47:33.311307+00:00', 'data': {}, 'icon': 'credit-card', ...}, {'color': 'green', 'created_at': '2026-01-25T00:42:43.980376+00:00', 'data': {}, 'icon': 'credit-card', ...}, {'color': 'green', 'created_at': '2026-01-25T00:26:26.721386+00:00', 'data': {}, 'icon': 'credit-card', ...}, {'created_at': '2026-01-24T22:37:15.251306+00:00', 'data': {'friendship_id': 'e8b6a896-a791-43f3-b405-31cbfcb55a81', 'sender_id': 'e7587bce-51c6-42be-96cd-003174eaf478'}, 'id': '58e17b53-36f1-4bdc-bfa8-8c39405e8c0a', 'is_read': True, ...}, {'color': 'green', 'created_at': '2026-01-24T01:22:00.015572+00:00', 'data': {'order_id': '0938b117-ba1c-4266-95f7-1e5617b86ec5', 'total': 514.5}, 'icon': 'shopping-cart', ...}, ...], 'unread_count': 4}, list)</failure></testcase></testsuite></testsuites>