<?xml version="1.0" encoding="utf-8"?><testsuites name="pytest tests"><testsuite name="pytest" errors="0" failures="2" skipped="0" tests="13" time="10.672" timestamp="2026-01-24T23:19:07.957057+00:00" hostname="agent-env-b15102dc-4213-4440-b10c-e37f4b3e1e00"><testcase classname="backend.tests.test_iteration29_bug_fixes.TestClientLogin" name="test_client_login_success" time="1.293" /><testcase classname="backend.tests.test_iteration29_bug_fixes.TestCoverImageBugFix" name="test_update_profile_with_cover_image" time="0.581" /><testcase classname="backend.tests.test_iteration29_bug_fixes.TestCoverImageBugFix" name="test_public_profile_returns_cover_image" time="1.610" /><testcase classname="backend.tests.test_iteration29_bug_fixes.TestCoverImageBugFix" name="test_cover_image_persists_in_database" time="1.161" /><testcase classname="backend.tests.test_iteration29_bug_fixes.TestNotificationCountersBugFix" name="test_notifications_endpoint_returns_unread_count" time="0.683" /><testcase classname="backend.tests.test_iteration29_bug_fixes.TestNotificationCountersBugFix" name="test_notifications_with_unread_filter" time="0.591" /><testcase classname="backend.tests.test_iteration29_bug_fixes.TestNotificationCountersBugFix" name="test_mark_notification_as_read" time="1.206" /><testcase classname="backend.tests.test_iteration29_bug_fixes.TestNotificationCountersBugFix" name="test_mark_all_notifications_as_read" time="0.880" /><testcase classname="backend.tests.test_iteration29_bug_fixes.TestClientDashboardDataEndpoints" name="test_orders_endpoint_for_badge_count" time="0.512" /><testcase classname="backend.tests.test_iteration29_bug_fixes.TestClientDashboardDataEndpoints" name="test_friend_requests_endpoint_for_badge_count" time="0.278"><failure message="AssertionError: Friend requests fetch failed: {&quot;detail&quot;:&quot;Not Found&quot;}&#10;assert 404 == 200&#10; +  where 404 = &lt;Response [404]&gt;.status_code">backend/tests/test_iteration29_bug_fixes.py:302: in test_friend_requests_endpoint_for_badge_count
    assert response.status_code == 200, f"Friend requests fetch failed: {response.text}"
E   AssertionError: Friend requests fetch failed: {"detail":"Not Found"}
E   assert 404 == 200
E    +  where 404 = &lt;Response [404]&gt;.status_code</failure></testcase><testcase classname="backend.tests.test_iteration29_bug_fixes.TestClientDashboardDataEndpoints" name="test_conversations_endpoint_for_message_badge" time="0.680"><failure message="AssertionError: Conversations should be a list&#10;assert False&#10; +  where False = isinstance({'conversations': [{'last_message': {'content': 'TEST_Message from iteration 27 test', 'created_at': '2026-01-24T01:04:58.633251+00:00', 'id': '5988ad0a-dde4-429f-a8ce-cd2023bff97e', 'is_read': False, ...}, 'partner': {'cashback_balance': 0, 'city': 'Lausanne', 'created_at': '2026-01-21T22:57:48.436Z', 'email': 'spa.luxury@titelli.com', ...}, 'unread_count': 0}, {'last_message': {'content': 'Test message to self', 'created_at': '2026-01-23T00:49:38.354073+00:00', 'id': 'd304662b-5c6b-4395-9052-3bf89d7c7965', 'is_read': False, ...}, 'partner': {'activity_posts_count': 2, 'cashback_balance': 100.82000000000001, 'city': 'Lausanne', 'cover_image': 'https://example.com/persist-test-a0621d18.jpg', ...}, 'unread_count': 1}]}, list)">backend/tests/test_iteration29_bug_fixes.py:324: in test_conversations_endpoint_for_message_badge
    assert isinstance(data, list), "Conversations should be a list"
E   AssertionError: Conversations should be a list
E   assert False
E    +  where False = isinstance({'conversations': [{'last_message': {'content': 'TEST_Message from iteration 27 test', 'created_at': '2026-01-24T01:04:58.633251+00:00', 'id': '5988ad0a-dde4-429f-a8ce-cd2023bff97e', 'is_read': False, ...}, 'partner': {'cashback_balance': 0, 'city': 'Lausanne', 'created_at': '2026-01-21T22:57:48.436Z', 'email': 'spa.luxury@titelli.com', ...}, 'unread_count': 0}, {'last_message': {'content': 'Test message to self', 'created_at': '2026-01-23T00:49:38.354073+00:00', 'id': 'd304662b-5c6b-4395-9052-3bf89d7c7965', 'is_read': False, ...}, 'partner': {'activity_posts_count': 2, 'cashback_balance': 100.82000000000001, 'city': 'Lausanne', 'cover_image': 'https://example.com/persist-test-a0621d18.jpg', ...}, 'unread_count': 1}]}, list)</failure></testcase><testcase classname="backend.tests.test_iteration29_bug_fixes.TestClientDashboardDataEndpoints" name="test_cashback_endpoint_for_badge" time="0.459" /><testcase classname="backend.tests.test_iteration29_bug_fixes.TestWebSocketNotificationEndpoint" name="test_notifications_endpoint_structure" time="0.576" /></testsuite></testsuites>